SF:/home/thedudefromci/Documents/workspace/Bones3-Core/Core/Source/BlockTypes/BlockBuilder.cs
FN:30,Bones3Rebuilt.BlockBuilder Bones3Rebuilt.BlockBuilder::Name(System.String)
FNDA:0,Bones3Rebuilt.BlockBuilder Bones3Rebuilt.BlockBuilder::Name(System.String)
DA:31,0
DA:32,0
DA:33,0
DA:34,0
FN:41,Bones3Rebuilt.BlockBuilder Bones3Rebuilt.BlockBuilder::Solid(System.Boolean)
FNDA:0,Bones3Rebuilt.BlockBuilder Bones3Rebuilt.BlockBuilder::Solid(System.Boolean)
DA:42,0
DA:43,0
DA:44,0
DA:45,0
FN:52,Bones3Rebuilt.BlockBuilder Bones3Rebuilt.BlockBuilder::Visible(System.Boolean)
FNDA:0,Bones3Rebuilt.BlockBuilder Bones3Rebuilt.BlockBuilder::Visible(System.Boolean)
DA:53,0
DA:54,0
DA:55,0
DA:56,0
FN:64,Bones3Rebuilt.BlockBuilder Bones3Rebuilt.BlockBuilder::FaceRotation(System.Int32,Bones3Rebuilt.FaceRotation)
FNDA:0,Bones3Rebuilt.BlockBuilder Bones3Rebuilt.BlockBuilder::FaceRotation(System.Int32,Bones3Rebuilt.FaceRotation)
DA:65,0
DA:66,0
DA:67,0
DA:68,0
FN:76,Bones3Rebuilt.BlockBuilder Bones3Rebuilt.BlockBuilder::TextureIndex(System.Int32,System.Int32)
FNDA:0,Bones3Rebuilt.BlockBuilder Bones3Rebuilt.BlockBuilder::TextureIndex(System.Int32,System.Int32)
DA:77,0
DA:78,0
DA:79,0
DA:81,0
DA:82,0
DA:83,0
BRDA:78,7,0,0
BRDA:78,7,1,0
FN:91,Bones3Rebuilt.BlockBuilder Bones3Rebuilt.BlockBuilder::TextureAtlas(System.Int32,System.Int32)
FNDA:0,Bones3Rebuilt.BlockBuilder Bones3Rebuilt.BlockBuilder::TextureAtlas(System.Int32,System.Int32)
DA:92,0
DA:93,0
DA:94,0
DA:96,0
DA:97,0
DA:98,0
BRDA:93,7,0,0
BRDA:93,7,1,0
FN:104,Bones3Rebuilt.BlockType Bones3Rebuilt.BlockBuilder::Build()
FNDA:0,Bones3Rebuilt.BlockType Bones3Rebuilt.BlockBuilder::Build()
DA:105,0
DA:106,0
DA:107,0
DA:108,0
DA:110,0
DA:111,0
BRDA:107,57,1,0
BRDA:107,57,0,0
FN:7,System.Void Bones3Rebuilt.BlockBuilder::.ctor(System.UInt16)
FNDA:0,System.Void Bones3Rebuilt.BlockBuilder::.ctor(System.UInt16)
DA:8,0
DA:9,0
DA:10,0
DA:12,0
DA:13,0
DA:14,0
DA:20,0
DA:21,0
DA:22,0
DA:23,0
LF:44
LH:0
BRF:6
BRH:0
FNF:8
FNH:0
end_of_record
SF:/home/thedudefromci/Documents/workspace/Bones3-Core/Core/Source/BlockTypes/BlockFace.cs
FN:11,System.Int32 Bones3Rebuilt.BlockFace::get_Side()
FNDA:0,System.Int32 Bones3Rebuilt.BlockFace::get_Side()
DA:12,0
FN:17,Bones3Rebuilt.FaceRotation Bones3Rebuilt.BlockFace::get_Rotation()
FNDA:0,Bones3Rebuilt.FaceRotation Bones3Rebuilt.BlockFace::get_Rotation()
DA:18,0
FN:23,System.Int32 Bones3Rebuilt.BlockFace::get_TextureIndex()
FNDA:0,System.Int32 Bones3Rebuilt.BlockFace::get_TextureIndex()
DA:24,0
FN:29,System.Int32 Bones3Rebuilt.BlockFace::get_TextureAtlas()
FNDA:0,System.Int32 Bones3Rebuilt.BlockFace::get_TextureAtlas()
DA:30,0
FN:38,System.Void Bones3Rebuilt.BlockFace::.ctor(System.Int32,Bones3Rebuilt.FaceRotation,System.Int32,System.Int32)
FNDA:0,System.Void Bones3Rebuilt.BlockFace::.ctor(System.Int32,Bones3Rebuilt.FaceRotation,System.Int32,System.Int32)
DA:39,0
DA:40,0
DA:41,0
DA:42,0
DA:43,0
DA:44,0
DA:45,0
LF:11
LH:0
BRF:0
BRH:0
FNF:5
FNH:0
end_of_record
SF:/home/thedudefromci/Documents/workspace/Bones3-Core/Core/Source/BlockTypes/BlockType.cs
FN:28,System.String Bones3Rebuilt.BlockType::get_Name()
FNDA:0,System.String Bones3Rebuilt.BlockType::get_Name()
DA:29,0
FN:34,System.UInt16 Bones3Rebuilt.BlockType::get_ID()
FNDA:0,System.UInt16 Bones3Rebuilt.BlockType::get_ID()
DA:35,0
FN:40,System.Boolean Bones3Rebuilt.BlockType::get_IsVisible()
FNDA:0,System.Boolean Bones3Rebuilt.BlockType::get_IsVisible()
DA:41,0
FN:46,System.Boolean Bones3Rebuilt.BlockType::get_IsSolid()
FNDA:0,System.Boolean Bones3Rebuilt.BlockType::get_IsSolid()
DA:47,0
FN:70,Bones3Rebuilt.BlockFace Bones3Rebuilt.BlockType::Face(System.Int32)
FNDA:0,Bones3Rebuilt.BlockFace Bones3Rebuilt.BlockType::Face(System.Int32)
DA:71,0
FN:72,System.String Bones3Rebuilt.BlockType::ToString()
FNDA:0,System.String Bones3Rebuilt.BlockType::ToString()
DA:73,0
FN:56,System.Void Bones3Rebuilt.BlockType::.ctor(System.UInt16,System.String,System.Boolean,System.Boolean,Bones3Rebuilt.BlockFace[])
FNDA:0,System.Void Bones3Rebuilt.BlockType::.ctor(System.UInt16,System.String,System.Boolean,System.Boolean,Bones3Rebuilt.BlockFace[])
DA:57,0
DA:58,0
DA:59,0
DA:60,0
DA:61,0
DA:62,0
DA:63,0
DA:64,0
LF:14
LH:0
BRF:0
BRH:0
FNF:7
FNH:0
end_of_record
SF:/home/thedudefromci/Documents/workspace/Bones3-Core/Core/Source/BlockTypes/BlockTypeList.cs
FN:17,System.Int32 Bones3Rebuilt.BlockTypeList::get_Count()
FNDA:0,System.Int32 Bones3Rebuilt.BlockTypeList::get_Count()
DA:18,0
FN:20,System.UInt16 Bones3Rebuilt.BlockTypeList::get_NextBlockID()
FNDA:0,System.UInt16 Bones3Rebuilt.BlockTypeList::get_NextBlockID()
DA:21,0
FN:42,Bones3Rebuilt.BlockType Bones3Rebuilt.BlockTypeList::GetBlockType(System.UInt16)
FNDA:0,Bones3Rebuilt.BlockType Bones3Rebuilt.BlockTypeList::GetBlockType(System.UInt16)
DA:43,0
DA:44,0
DA:45,0
FN:48,System.Void Bones3Rebuilt.BlockTypeList::AddBlockType(Bones3Rebuilt.BlockType)
FNDA:0,System.Void Bones3Rebuilt.BlockTypeList::AddBlockType(Bones3Rebuilt.BlockType)
DA:49,0
DA:50,0
DA:51,0
DA:53,0
DA:54,0
DA:56,0
DA:57,0
BRDA:50,16,0,0
BRDA:50,16,1,0
BRDA:53,63,0,0
BRDA:53,63,1,0
FN:60,System.Void Bones3Rebuilt.BlockTypeList::RemoveBlockType(Bones3Rebuilt.BlockType)
FNDA:0,System.Void Bones3Rebuilt.BlockTypeList::RemoveBlockType(Bones3Rebuilt.BlockType)
DA:61,0
DA:62,0
DA:63,0
DA:65,0
DA:66,0
DA:68,0
DA:69,0
DA:71,0
DA:72,0
BRDA:62,7,1,0
BRDA:65,28,1,0
BRDA:68,43,0,0
BRDA:68,43,1,0
BRDA:62,7,0,0
BRDA:65,28,0,0
FN:14,System.Void Bones3Rebuilt.BlockTypeList::.ctor()
FNDA:0,System.Void Bones3Rebuilt.BlockTypeList::.ctor()
DA:15,0
DA:26,0
DA:27,0
DA:28,0
DA:29,0
DA:30,0
DA:31,0
DA:32,0
DA:34,0
DA:35,0
DA:36,0
DA:37,0
DA:38,0
DA:39,0
LF:35
LH:0
BRF:10
BRH:0
FNF:6
FNH:0
end_of_record
SF:/home/thedudefromci/Documents/workspace/Bones3-Core/Core/Source/FileIO/ContainerHandler.cs
FN:12,Bones3Rebuilt.IFileLoadTask`1<Bones3Rebuilt.IBlockContainer> Bones3Rebuilt.BlockContainerHandler::Load(System.String,Bones3Rebuilt.IBlockContainer)
FNDA:0,Bones3Rebuilt.IFileLoadTask`1<Bones3Rebuilt.IBlockContainer> Bones3Rebuilt.BlockContainerHandler::Load(System.String,Bones3Rebuilt.IBlockContainer)
DA:13,0
DA:14,0
FN:18,Bones3Rebuilt.IFileSaveTask`1<Bones3Rebuilt.IBlockContainer> Bones3Rebuilt.BlockContainerHandler::Save(System.String,Bones3Rebuilt.IBlockContainer)
FNDA:0,Bones3Rebuilt.IFileSaveTask`1<Bones3Rebuilt.IBlockContainer> Bones3Rebuilt.BlockContainerHandler::Save(System.String,Bones3Rebuilt.IBlockContainer)
DA:19,0
DA:20,0
FN:57,System.String Bones3Rebuilt.BlockContainerSaveTask::DetermineRegionFile(Bones3Rebuilt.ChunkPosition)
FNDA:0,System.String Bones3Rebuilt.BlockContainerSaveTask::DetermineRegionFile(Bones3Rebuilt.ChunkPosition)
DA:58,0
DA:59,0
DA:60,0
DA:61,0
DA:62,0
DA:63,0
FN:69,System.Void Bones3Rebuilt.BlockContainerSaveTask::CopyBlocks(Bones3Rebuilt.IBlockContainer)
FNDA:0,System.Void Bones3Rebuilt.BlockContainerSaveTask::CopyBlocks(Bones3Rebuilt.IBlockContainer)
DA:70,0
DA:71,0
DA:72,0
DA:73,0
DA:74,0
DA:75,0
DA:76,0
DA:77,0
DA:78,0
DA:79,0
DA:80,0
DA:81,0
DA:82,0
BRDA:71,142,1,0
BRDA:73,113,1,0
BRDA:75,84,1,0
BRDA:75,84,0,0
BRDA:73,113,0,0
BRDA:71,142,0,0
FN:90,System.Void Bones3Rebuilt.BlockContainerSaveTask::Run()
FNDA:0,System.Void Bones3Rebuilt.BlockContainerSaveTask::Run()
DA:91,0
DA:92,0
DA:93,0
DA:94,0
DA:95,0
DA:101,0
DA:102,0
DA:103,0
DA:104,0
BRDA:101,66,1,0
BRDA:101,66,0,0
FN:106,Bones3Rebuilt.FileSaveStatus Bones3Rebuilt.BlockContainerSaveTask::FinishTask()
FNDA:0,Bones3Rebuilt.FileSaveStatus Bones3Rebuilt.BlockContainerSaveTask::FinishTask()
DA:107,0
DA:109,0
DA:110,0
DA:111,0
DA:113,0
DA:114,0
DA:115,0
DA:117,0
FN:39,System.Void Bones3Rebuilt.BlockContainerSaveTask::.ctor(System.String,Bones3Rebuilt.IBlockContainer)
FNDA:0,System.Void Bones3Rebuilt.BlockContainerSaveTask::.ctor(System.String,Bones3Rebuilt.IBlockContainer)
DA:40,0
DA:41,0
DA:42,0
DA:43,0
DA:44,0
DA:45,0
DA:47,0
DA:49,0
DA:50,0
FN:122,Bones3Rebuilt.FileLoadStatus Bones3Rebuilt.BlockContainerLoadTask::FinishTask()
FNDA:0,Bones3Rebuilt.FileLoadStatus Bones3Rebuilt.BlockContainerLoadTask::FinishTask()
DA:123,0
DA:124,0
LF:51
LH:0
BRF:8
BRH:0
FNF:8
FNH:0
end_of_record
SF:/home/thedudefromci/Documents/workspace/Bones3-Core/Core/Source/FileIO/IFileLoadTask.cs
FN:26,System.Object Bones3Rebuilt.FileLoadStatus::get_Data()
FNDA:0,System.Object Bones3Rebuilt.FileLoadStatus::get_Data()
DA:27,0
FN:34,System.Boolean Bones3Rebuilt.FileLoadStatus::get_SuccessfullyLoaded()
FNDA:0,System.Boolean Bones3Rebuilt.FileLoadStatus::get_SuccessfullyLoaded()
DA:35,0
FN:40,System.Exception Bones3Rebuilt.FileLoadStatus::get_Error()
FNDA:0,System.Exception Bones3Rebuilt.FileLoadStatus::get_Error()
DA:41,0
FN:49,System.Void Bones3Rebuilt.FileLoadStatus::.ctor(System.Object,System.Boolean,System.Exception)
FNDA:0,System.Void Bones3Rebuilt.FileLoadStatus::.ctor(System.Object,System.Boolean,System.Exception)
DA:50,0
DA:51,0
DA:52,0
DA:54,0
DA:55,0
DA:56,0
DA:57,0
BRDA:51,12,0,0
BRDA:51,12,1,0
LF:10
LH:0
BRF:2
BRH:0
FNF:4
FNH:0
end_of_record
SF:/home/thedudefromci/Documents/workspace/Bones3-Core/Core/Source/FileIO/IFileSaveTask.cs
FN:28,System.Boolean Bones3Rebuilt.FileSaveStatus::get_SuccessfullySaved()
FNDA:0,System.Boolean Bones3Rebuilt.FileSaveStatus::get_SuccessfullySaved()
DA:29,0
FN:34,System.Exception Bones3Rebuilt.FileSaveStatus::get_Error()
FNDA:0,System.Exception Bones3Rebuilt.FileSaveStatus::get_Error()
DA:35,0
FN:42,System.Void Bones3Rebuilt.FileSaveStatus::.ctor(System.Boolean,System.Exception)
FNDA:0,System.Void Bones3Rebuilt.FileSaveStatus::.ctor(System.Boolean,System.Exception)
DA:43,0
DA:44,0
DA:45,0
DA:47,0
DA:48,0
DA:49,0
BRDA:44,12,0,0
BRDA:44,12,1,0
LF:8
LH:0
BRF:2
BRH:0
FNF:3
FNH:0
end_of_record
SF:/home/thedudefromci/Documents/workspace/Bones3-Core/Core/Source/FileIO/UnknownFileVersionException.cs
FN:12,System.Void Bones3Rebuilt.UnknownFileVersionException::.ctor(System.String)
FNDA:0,System.Void Bones3Rebuilt.UnknownFileVersionException::.ctor(System.String)
DA:13,0
DA:14,0
DA:16,0
LF:3
LH:0
BRF:0
BRH:0
FNF:1
FNH:0
end_of_record
SF:/home/thedudefromci/Documents/workspace/Bones3-Core/Core/Source/FileIO/WorldDatabase.cs
FN:14,System.String Bones3Rebuilt.WorldDatabase::get_RootFolder()
FNDA:0,System.String Bones3Rebuilt.WorldDatabase::get_RootFolder()
DA:15,0
FN:39,System.Void Bones3Rebuilt.WorldDatabase::RegisterFileHandler(Bones3Rebuilt.IFileHandler`1<T>)
FNDA:0,System.Void Bones3Rebuilt.WorldDatabase::RegisterFileHandler(Bones3Rebuilt.IFileHandler`1<T>)
DA:40,0
DA:41,0
DA:42,0
FN:53,Bones3Rebuilt.IFileSaveTask`1<T> Bones3Rebuilt.WorldDatabase::SaveObject(T)
FNDA:0,Bones3Rebuilt.IFileSaveTask`1<T> Bones3Rebuilt.WorldDatabase::SaveObject(T)
DA:54,0
DA:55,0
DA:56,0
FN:67,Bones3Rebuilt.IFileLoadTask`1<T> Bones3Rebuilt.WorldDatabase::LoadObject(T)
FNDA:0,Bones3Rebuilt.IFileLoadTask`1<T> Bones3Rebuilt.WorldDatabase::LoadObject(T)
DA:68,0
DA:69,0
DA:70,0
FN:80,Bones3Rebuilt.IFileHandler`1<T> Bones3Rebuilt.WorldDatabase::GetHandler()
FNDA:0,Bones3Rebuilt.IFileHandler`1<T> Bones3Rebuilt.WorldDatabase::GetHandler()
DA:81,0
DA:82,0
DA:83,0
DA:84,0
DA:86,0
DA:87,0
BRDA:83,29,0,0
BRDA:83,29,1,0
FN:11,System.Void Bones3Rebuilt.WorldDatabase::.ctor(System.String)
FNDA:0,System.Void Bones3Rebuilt.WorldDatabase::.ctor(System.String)
DA:12,0
DA:25,0
DA:26,0
DA:27,0
DA:29,0
DA:30,0
DA:31,0
BRDA:29,42,0,0
BRDA:29,42,1,0
LF:23
LH:0
BRF:4
BRH:0
FNF:6
FNH:0
end_of_record
SF:/home/thedudefromci/Documents/workspace/Bones3-Core/Core/Source/FileIO/WorldPropertiesHandler.cs
FN:12,Bones3Rebuilt.IFileSaveTask`1<Bones3Rebuilt.WorldProperties> Bones3Rebuilt.WorldPropertiesHandler::Save(System.String,Bones3Rebuilt.WorldProperties)
FNDA:0,Bones3Rebuilt.IFileSaveTask`1<Bones3Rebuilt.WorldProperties> Bones3Rebuilt.WorldPropertiesHandler::Save(System.String,Bones3Rebuilt.WorldProperties)
DA:13,0
FN:16,Bones3Rebuilt.IFileLoadTask`1<Bones3Rebuilt.WorldProperties> Bones3Rebuilt.WorldPropertiesHandler::Load(System.String,Bones3Rebuilt.WorldProperties)
FNDA:0,Bones3Rebuilt.IFileLoadTask`1<Bones3Rebuilt.WorldProperties> Bones3Rebuilt.WorldPropertiesHandler::Load(System.String,Bones3Rebuilt.WorldProperties)
DA:17,0
FN:52,System.Void Bones3Rebuilt.WorldPropertiesSaveTask::Run()
FNDA:0,System.Void Bones3Rebuilt.WorldPropertiesSaveTask::Run()
DA:53,0
DA:54,0
DA:55,0
DA:56,0
DA:57,0
DA:59,0
DA:60,0
DA:61,0
DA:62,0
FN:65,Bones3Rebuilt.FileSaveStatus Bones3Rebuilt.WorldPropertiesSaveTask::FinishTask()
FNDA:0,Bones3Rebuilt.FileSaveStatus Bones3Rebuilt.WorldPropertiesSaveTask::FinishTask()
DA:66,0
DA:68,0
DA:69,0
DA:70,0
DA:72,0
DA:73,0
DA:74,0
DA:76,0
FN:38,System.Void Bones3Rebuilt.WorldPropertiesSaveTask::.ctor(System.String,Bones3Rebuilt.WorldProperties)
FNDA:0,System.Void Bones3Rebuilt.WorldPropertiesSaveTask::.ctor(System.String,Bones3Rebuilt.WorldProperties)
DA:39,0
DA:40,0
DA:41,0
DA:42,0
DA:43,0
DA:44,0
FN:107,System.Void Bones3Rebuilt.WorldPropertiesLoadTask::Run()
FNDA:0,System.Void Bones3Rebuilt.WorldPropertiesLoadTask::Run()
DA:108,0
DA:109,0
DA:110,0
DA:111,0
DA:112,0
DA:114,0
DA:117,0
DA:118,0
DA:121,0
DA:123,0
DA:124,0
BRDA:114,37,1,0
BRDA:114,37,0,0
FN:130,System.Void Bones3Rebuilt.WorldPropertiesLoadTask::LoadWorldPropertiesVersion1(System.IO.BinaryReader)
FNDA:0,System.Void Bones3Rebuilt.WorldPropertiesLoadTask::LoadWorldPropertiesVersion1(System.IO.BinaryReader)
DA:131,0
DA:132,0
DA:133,0
DA:135,0
DA:136,0
DA:137,0
DA:138,0
DA:139,0
DA:140,0
FN:143,Bones3Rebuilt.FileLoadStatus Bones3Rebuilt.WorldPropertiesLoadTask::FinishTask()
FNDA:0,Bones3Rebuilt.FileLoadStatus Bones3Rebuilt.WorldPropertiesLoadTask::FinishTask()
DA:144,0
DA:146,0
DA:147,0
DA:148,0
DA:150,0
DA:151,0
DA:152,0
DA:154,0
FN:91,System.Void Bones3Rebuilt.WorldPropertiesLoadTask::.ctor(System.String)
FNDA:0,System.Void Bones3Rebuilt.WorldPropertiesLoadTask::.ctor(System.String)
DA:92,0
DA:93,0
DA:94,0
DA:95,0
DA:96,0
LF:58
LH:0
BRF:2
BRH:0
FNF:9
FNH:0
end_of_record
SF:/home/thedudefromci/Documents/workspace/Bones3-Core/Core/Source/Head/WorldContainer.cs
FN:15,Bones3Rebuilt.IBlockContainerProvider Bones3Rebuilt.WorldContainer::get_BlockContainerProvider()
FNDA:0,Bones3Rebuilt.IBlockContainerProvider Bones3Rebuilt.WorldContainer::get_BlockContainerProvider()
DA:16,0
FN:21,Bones3Rebuilt.IRemeshHandler Bones3Rebuilt.WorldContainer::get_RemeshHandler()
FNDA:0,Bones3Rebuilt.IRemeshHandler Bones3Rebuilt.WorldContainer::get_RemeshHandler()
DA:22,0
FN:27,Bones3Rebuilt.IBlockTypeList Bones3Rebuilt.WorldContainer::get_BlockList()
FNDA:0,Bones3Rebuilt.IBlockTypeList Bones3Rebuilt.WorldContainer::get_BlockList()
DA:28,0
FN:33,Bones3Rebuilt.IWorldDatabase Bones3Rebuilt.WorldContainer::get_Database()
FNDA:0,Bones3Rebuilt.IWorldDatabase Bones3Rebuilt.WorldContainer::get_Database()
DA:34,0
FN:60,Bones3Rebuilt.BlockType Bones3Rebuilt.WorldContainer::GetBlock(Bones3Rebuilt.BlockPosition,System.Boolean)
FNDA:0,Bones3Rebuilt.BlockType Bones3Rebuilt.WorldContainer::GetBlock(Bones3Rebuilt.BlockPosition,System.Boolean)
DA:61,0
DA:62,0
DA:63,0
DA:65,0
DA:66,0
DA:67,0
DA:69,0
DA:70,0
DA:71,0
BRDA:66,69,0,0
BRDA:66,69,1,0
FN:78,System.Void Bones3Rebuilt.WorldContainer::SetBlock(Bones3Rebuilt.BlockPosition,Bones3Rebuilt.BlockType)
FNDA:0,System.Void Bones3Rebuilt.WorldContainer::SetBlock(Bones3Rebuilt.BlockPosition,Bones3Rebuilt.BlockType)
DA:79,0
DA:80,0
DA:81,0
DA:82,0
FN:89,System.Void Bones3Rebuilt.WorldContainer::SetBlocks(Bones3Rebuilt.IEditBatch)
FNDA:0,System.Void Bones3Rebuilt.WorldContainer::SetBlocks(Bones3Rebuilt.IEditBatch)
DA:90,0
DA:91,0
DA:92,0
DA:94,0
DA:95,0
BRDA:91,50,1,0
BRDA:91,50,0,0
FN:102,System.Void Bones3Rebuilt.WorldContainer::SetBlockInternal(Bones3Rebuilt.BlockPosition,System.UInt16)
FNDA:0,System.Void Bones3Rebuilt.WorldContainer::SetBlockInternal(Bones3Rebuilt.BlockPosition,System.UInt16)
DA:103,0
DA:104,0
DA:105,0
DA:107,0
DA:108,0
DA:110,0
DA:111,0
DA:113,0
DA:114,0
DA:116,0
DA:117,0
DA:118,0
DA:119,0
DA:121,0
DA:122,0
DA:123,0
DA:124,0
DA:126,0
DA:127,0
DA:128,0
DA:129,0
DA:130,0
BRDA:110,77,1,0
BRDA:116,134,0,0
BRDA:116,134,1,0
BRDA:118,167,0,0
BRDA:118,167,1,0
BRDA:121,217,0,0
BRDA:121,217,1,0
BRDA:123,250,0,0
BRDA:123,250,1,0
BRDA:126,300,0,0
BRDA:126,300,1,0
BRDA:128,333,0,0
BRDA:110,77,0,0
BRDA:128,333,1,0
FN:136,System.Void Bones3Rebuilt.WorldContainer::RemeshChunkAt(Bones3Rebuilt.ChunkPosition)
FNDA:0,System.Void Bones3Rebuilt.WorldContainer::RemeshChunkAt(Bones3Rebuilt.ChunkPosition)
DA:137,0
DA:138,0
DA:139,0
DA:140,0
BRDA:138,18,0,0
BRDA:138,18,1,0
FN:145,System.Void Bones3Rebuilt.WorldContainer::RemeshQueued()
FNDA:0,System.Void Bones3Rebuilt.WorldContainer::RemeshQueued()
DA:146,0
DA:147,0
DA:148,0
DA:149,0
DA:150,0
DA:152,0
DA:153,0
DA:154,0
DA:156,0
DA:157,0
BRDA:147,87,1,0
BRDA:149,43,1,0
BRDA:149,43,0,0
BRDA:147,87,0,0
FN:9,System.Void Bones3Rebuilt.WorldContainer::.ctor(Bones3Rebuilt.IBlockContainerProvider,Bones3Rebuilt.IRemeshHandler,Bones3Rebuilt.IBlockTypeList,Bones3Rebuilt.IWorldDatabase)
FNDA:0,System.Void Bones3Rebuilt.WorldContainer::.ctor(Bones3Rebuilt.IBlockContainerProvider,Bones3Rebuilt.IRemeshHandler,Bones3Rebuilt.IBlockTypeList,Bones3Rebuilt.IWorldDatabase)
DA:10,0
DA:43,0
DA:44,0
DA:45,0
DA:46,0
DA:47,0
DA:48,0
DA:49,0
LF:66
LH:0
BRF:24
BRH:0
FNF:11
FNH:0
end_of_record
SF:/home/thedudefromci/Documents/workspace/Bones3-Core/Core/Source/Remeshing/Callbacks/RemeshFinishEvent.cs
FN:11,Bones3Rebuilt.RemeshReport Bones3Rebuilt.RemeshFinishEvent::get_Report()
FNDA:0,Bones3Rebuilt.RemeshReport Bones3Rebuilt.RemeshFinishEvent::get_Report()
DA:12,0
FN:17,System.Void Bones3Rebuilt.RemeshFinishEvent::.ctor(Bones3Rebuilt.RemeshReport)
FNDA:0,System.Void Bones3Rebuilt.RemeshFinishEvent::.ctor(Bones3Rebuilt.RemeshReport)
DA:18,0
DA:19,0
DA:20,0
DA:21,0
LF:5
LH:0
BRF:0
BRH:0
FNF:2
FNH:0
end_of_record
SF:/home/thedudefromci/Documents/workspace/Bones3-Core/Core/Source/Remeshing/ChunkAnalyzer.cs
FN:25,System.UInt16[] Bones3Rebuilt.ChunkAnalyzer::get_Blocks()
FNDA:0,System.UInt16[] Bones3Rebuilt.ChunkAnalyzer::get_Blocks()
DA:26,0
FN:31,System.UInt16[] Bones3Rebuilt.ChunkAnalyzer::get_NeighborBlocks()
FNDA:0,System.UInt16[] Bones3Rebuilt.ChunkAnalyzer::get_NeighborBlocks()
DA:32,0
FN:54,System.Void Bones3Rebuilt.ChunkAnalyzer::GetBlocks(Bones3Rebuilt.IBlockContainerProvider,Bones3Rebuilt.ChunkPosition)
FNDA:0,System.Void Bones3Rebuilt.ChunkAnalyzer::GetBlocks(Bones3Rebuilt.IBlockContainerProvider,Bones3Rebuilt.ChunkPosition)
DA:55,0
DA:56,0
DA:57,0
DA:59,0
DA:60,0
DA:61,0
DA:62,0
DA:63,0
DA:64,0
DA:65,0
DA:66,0
DA:67,0
DA:68,0
DA:69,0
DA:70,0
BRDA:59,136,1,0
BRDA:61,121,1,0
BRDA:63,103,1,0
BRDA:63,103,0,0
BRDA:61,121,0,0
BRDA:59,136,0,0
FN:77,System.Void Bones3Rebuilt.ChunkAnalyzer::GetNeighborBlocks(Bones3Rebuilt.IBlockContainerProvider,Bones3Rebuilt.ChunkPosition)
FNDA:0,System.Void Bones3Rebuilt.ChunkAnalyzer::GetNeighborBlocks(Bones3Rebuilt.IBlockContainerProvider,Bones3Rebuilt.ChunkPosition)
DA:78,0
DA:79,0
DA:80,0
DA:81,0
DA:82,0
DA:83,0
DA:84,0
DA:85,0
DA:86,0
DA:89,0
DA:90,0
DA:91,0
BRDA:80,113,1,0
BRDA:82,55,0,0
BRDA:82,55,1,0
BRDA:80,113,0,0
FN:126,System.Void Bones3Rebuilt.ChunkAnalyzer::RetrieveBlockFromNeighbor(System.Int32,Bones3Rebuilt.ChunkAnalyzer/NeighborBlockPosition)
FNDA:0,System.Void Bones3Rebuilt.ChunkAnalyzer::RetrieveBlockFromNeighbor(System.Int32,Bones3Rebuilt.ChunkAnalyzer/NeighborBlockPosition)
DA:127,0
DA:128,0
DA:129,0
DA:131,0
DA:135,0
DA:136,0
DA:137,0
DA:141,0
DA:142,0
DA:143,0
DA:147,0
DA:148,0
DA:149,0
DA:151,0
BRDA:129,36,0,0
BRDA:129,36,1,0
BRDA:131,56,1,0
BRDA:131,56,2,0
BRDA:131,56,3,0
BRDA:131,56,4,0
BRDA:131,56,5,0
BRDA:131,56,6,0
BRDA:131,56,0,0
FN:38,System.Void Bones3Rebuilt.ChunkAnalyzer::.ctor(Bones3Rebuilt.IBlockContainerProvider,Bones3Rebuilt.ChunkPosition)
FNDA:0,System.Void Bones3Rebuilt.ChunkAnalyzer::.ctor(Bones3Rebuilt.IBlockContainerProvider,Bones3Rebuilt.ChunkPosition)
DA:39,0
DA:40,0
DA:41,0
DA:42,0
DA:43,0
DA:45,0
DA:46,0
DA:47,0
FN:14,System.Int32 Bones3Rebuilt.ChunkAnalyzer/NeighborBlockPosition::get_PlaneX()
FNDA:0,System.Int32 Bones3Rebuilt.ChunkAnalyzer/NeighborBlockPosition::get_PlaneX()
DA:15,0
FN:15,System.Int32 Bones3Rebuilt.ChunkAnalyzer/NeighborBlockPosition::get_PlaneY()
FNDA:0,System.Int32 Bones3Rebuilt.ChunkAnalyzer/NeighborBlockPosition::get_PlaneY()
DA:16,0
FN:16,System.Int32 Bones3Rebuilt.ChunkAnalyzer/NeighborBlockPosition::get_Side()
FNDA:0,System.Int32 Bones3Rebuilt.ChunkAnalyzer/NeighborBlockPosition::get_Side()
DA:17,0
FN:17,System.Int32 Bones3Rebuilt.ChunkAnalyzer/NeighborBlockPosition::get_Offset()
FNDA:0,System.Int32 Bones3Rebuilt.ChunkAnalyzer/NeighborBlockPosition::get_Offset()
DA:18,0
FN:18,Bones3Rebuilt.IBlockContainer Bones3Rebuilt.ChunkAnalyzer/NeighborBlockPosition::get_Chunk()
FNDA:0,Bones3Rebuilt.IBlockContainer Bones3Rebuilt.ChunkAnalyzer/NeighborBlockPosition::get_Chunk()
DA:19,0
FN:99,System.Boolean Bones3Rebuilt.ChunkAnalyzer/<NeighborBlockIterator>d__10::MoveNext()
FNDA:0,System.Boolean Bones3Rebuilt.ChunkAnalyzer/<NeighborBlockIterator>d__10::MoveNext()
DA:100,0
DA:101,0
DA:103,0
DA:104,0
DA:105,0
DA:106,0
DA:108,0
DA:109,0
DA:110,0
DA:111,0
DA:112,0
DA:113,0
DA:114,0
DA:115,0
DA:116,0
DA:117,0
DA:118,0
DA:119,0
BRDA:100,14,0,0
BRDA:103,375,1,0
BRDA:108,333,1,0
BRDA:109,294,1,0
BRDA:100,14,1,0
BRDA:109,294,0,0
BRDA:108,333,0,0
BRDA:103,375,0,0
LF:74
LH:0
BRF:27
BRH:0
FNF:12
FNH:0
end_of_record
SF:/home/thedudefromci/Documents/workspace/Bones3-Core/Core/Source/Remeshing/ChunkProperties.cs
FN:14,Bones3Rebuilt.GridSize Bones3Rebuilt.ChunkProperties::get_ChunkSize()
FNDA:0,Bones3Rebuilt.GridSize Bones3Rebuilt.ChunkProperties::get_ChunkSize()
DA:15,0
FN:17,Bones3Rebuilt.ChunkPosition Bones3Rebuilt.ChunkProperties::get_ChunkPosition()
FNDA:0,Bones3Rebuilt.ChunkPosition Bones3Rebuilt.ChunkProperties::get_ChunkPosition()
DA:18,0
FN:44,System.Void Bones3Rebuilt.ChunkProperties::AddBlockProperties(Bones3Rebuilt.IBlockTypeList,System.UInt16[])
FNDA:0,System.Void Bones3Rebuilt.ChunkProperties::AddBlockProperties(Bones3Rebuilt.IBlockTypeList,System.UInt16[])
DA:45,0
DA:46,0
DA:47,0
DA:48,0
DA:49,0
DA:50,0
DA:52,0
DA:53,0
DA:55,0
DA:56,0
DA:57,0
DA:58,0
DA:59,0
BRDA:47,87,1,0
BRDA:49,16,1,0
BRDA:52,38,1,0
BRDA:49,16,0,0
BRDA:52,38,0,0
BRDA:47,87,0,0
FN:62,Bones3Rebuilt.BlockType Bones3Rebuilt.ChunkProperties::GetBlock(Bones3Rebuilt.BlockPosition)
FNDA:0,Bones3Rebuilt.BlockType Bones3Rebuilt.ChunkProperties::GetBlock(Bones3Rebuilt.BlockPosition)
DA:63,0
DA:64,0
DA:65,0
FN:68,Bones3Rebuilt.BlockType Bones3Rebuilt.ChunkProperties::GetNextBlock(Bones3Rebuilt.BlockPosition,System.Int32)
FNDA:0,Bones3Rebuilt.BlockType Bones3Rebuilt.ChunkProperties::GetNextBlock(Bones3Rebuilt.BlockPosition,System.Int32)
DA:69,0
DA:70,0
DA:72,0
DA:73,0
DA:75,0
DA:79,0
DA:80,0
DA:84,0
DA:85,0
DA:89,0
DA:90,0
DA:93,0
DA:94,0
BRDA:72,30,0,0
BRDA:72,30,1,0
BRDA:75,78,1,0
BRDA:75,78,2,0
BRDA:75,78,3,0
BRDA:75,78,4,0
BRDA:75,78,5,0
BRDA:75,78,6,0
BRDA:75,78,0,0
FN:9,System.Void Bones3Rebuilt.ChunkProperties::.ctor(Bones3Rebuilt.IBlockContainerProvider,Bones3Rebuilt.ChunkPosition,Bones3Rebuilt.IBlockTypeList)
FNDA:0,System.Void Bones3Rebuilt.ChunkProperties::.ctor(Bones3Rebuilt.IBlockContainerProvider,Bones3Rebuilt.ChunkPosition,Bones3Rebuilt.IBlockTypeList)
DA:10,0
DA:26,0
DA:27,0
DA:28,0
DA:29,0
DA:31,0
DA:32,0
DA:33,0
DA:35,0
DA:36,0
DA:37,0
LF:42
LH:0
BRF:15
BRH:0
FNF:6
FNH:0
end_of_record
SF:/home/thedudefromci/Documents/workspace/Bones3-Core/Core/Source/Remeshing/Distributors/StandardDistributor.cs
FN:11,System.Void Bones3Rebuilt.StandardDistributor::CreateTasks(Bones3Rebuilt.IChunkProperties,Bones3Rebuilt.RemeshTaskStack)
FNDA:0,System.Void Bones3Rebuilt.StandardDistributor::CreateTasks(Bones3Rebuilt.IChunkProperties,Bones3Rebuilt.RemeshTaskStack)
DA:12,0
DA:13,0
DA:14,0
DA:15,0
FN:22,System.Void Bones3Rebuilt.StandardDistributor::GenerateVisuals(Bones3Rebuilt.IChunkProperties,Bones3Rebuilt.RemeshTaskStack)
FNDA:0,System.Void Bones3Rebuilt.StandardDistributor::GenerateVisuals(Bones3Rebuilt.IChunkProperties,Bones3Rebuilt.RemeshTaskStack)
DA:23,0
DA:24,0
DA:26,0
DA:27,0
DA:28,0
DA:30,0
DA:31,0
DA:32,0
DA:33,0
DA:34,0
DA:35,0
DA:37,0
DA:38,0
DA:40,0
DA:41,0
DA:42,0
DA:43,0
DA:44,0
DA:45,0
BRDA:26,159,1,0
BRDA:30,64,0,0
BRDA:32,149,1,0
BRDA:37,105,1,0
BRDA:37,105,0,0
BRDA:32,149,0,0
BRDA:30,64,1,0
BRDA:26,159,0,0
FN:52,System.Void Bones3Rebuilt.StandardDistributor::GenerateCollision(Bones3Rebuilt.IChunkProperties,Bones3Rebuilt.RemeshTaskStack)
FNDA:0,System.Void Bones3Rebuilt.StandardDistributor::GenerateCollision(Bones3Rebuilt.IChunkProperties,Bones3Rebuilt.RemeshTaskStack)
DA:53,0
DA:54,0
DA:55,0
DA:56,0
DA:58,0
DA:59,0
DA:60,0
DA:61,0
DA:63,0
DA:64,0
BRDA:54,81,1,0
BRDA:58,56,0,0
BRDA:58,56,1,0
BRDA:54,81,0,0
FN:71,System.Boolean Bones3Rebuilt.StandardDistributor/<BlockIterator>d__3::MoveNext()
FNDA:0,System.Boolean Bones3Rebuilt.StandardDistributor/<BlockIterator>d__3::MoveNext()
DA:72,0
DA:73,0
DA:74,0
DA:75,0
DA:76,0
DA:77,0
BRDA:72,14,0,0
BRDA:73,209,1,0
BRDA:74,173,1,0
BRDA:75,139,1,0
BRDA:72,14,1,0
BRDA:75,139,0,0
BRDA:74,173,0,0
BRDA:73,209,0,0
LF:39
LH:0
BRF:20
BRH:0
FNF:4
FNH:0
end_of_record
SF:/home/thedudefromci/Documents/workspace/Bones3-Core/Core/Source/Remeshing/LayeredProcMesh.cs
FN:18,System.Int32 Bones3Rebuilt.LayeredProcMesh::get_ActiveLayers()
FNDA:0,System.Int32 Bones3Rebuilt.LayeredProcMesh::get_ActiveLayers()
DA:19,0
DA:20,0
DA:21,0
DA:22,0
DA:23,0
DA:25,0
DA:26,0
BRDA:21,47,1,0
BRDA:22,34,0,0
BRDA:22,34,1,0
BRDA:21,47,0,0
FN:32,System.Int32 Bones3Rebuilt.LayeredProcMesh::get_TotalLayers()
FNDA:0,System.Int32 Bones3Rebuilt.LayeredProcMesh::get_TotalLayers()
DA:33,0
FN:38,System.Void Bones3Rebuilt.LayeredProcMesh::Clear()
FNDA:0,System.Void Bones3Rebuilt.LayeredProcMesh::Clear()
DA:39,0
DA:40,0
DA:41,0
DA:42,0
BRDA:40,38,1,0
BRDA:40,38,0,0
FN:49,Bones3Rebuilt.ProcMesh Bones3Rebuilt.LayeredProcMesh::GetLayer(System.Int32)
FNDA:0,Bones3Rebuilt.ProcMesh Bones3Rebuilt.LayeredProcMesh::GetLayer(System.Int32)
DA:50,0
DA:51,0
DA:52,0
DA:54,0
DA:55,0
BRDA:51,39,1,0
BRDA:51,39,0,0
FN:9,System.Void Bones3Rebuilt.LayeredProcMesh::.ctor()
FNDA:0,System.Void Bones3Rebuilt.LayeredProcMesh::.ctor()
DA:10,0
LF:18
LH:0
BRF:8
BRH:0
FNF:5
FNH:0
end_of_record
SF:/home/thedudefromci/Documents/workspace/Bones3-Core/Core/Source/Remeshing/ProcMesh.cs
FN:11,System.Collections.Generic.List`1<Bones3Rebuilt.Util.Vec3> Bones3Rebuilt.ProcMesh::get_Vertices()
FNDA:0,System.Collections.Generic.List`1<Bones3Rebuilt.Util.Vec3> Bones3Rebuilt.ProcMesh::get_Vertices()
DA:12,0
FN:17,System.Collections.Generic.List`1<Bones3Rebuilt.Util.Vec3> Bones3Rebuilt.ProcMesh::get_Normals()
FNDA:0,System.Collections.Generic.List`1<Bones3Rebuilt.Util.Vec3> Bones3Rebuilt.ProcMesh::get_Normals()
DA:18,0
FN:23,System.Collections.Generic.List`1<Bones3Rebuilt.Util.Vec3> Bones3Rebuilt.ProcMesh::get_UVs()
FNDA:0,System.Collections.Generic.List`1<Bones3Rebuilt.Util.Vec3> Bones3Rebuilt.ProcMesh::get_UVs()
DA:24,0
FN:29,System.Collections.Generic.List`1<System.Int32> Bones3Rebuilt.ProcMesh::get_Triangles()
FNDA:0,System.Collections.Generic.List`1<System.Int32> Bones3Rebuilt.ProcMesh::get_Triangles()
DA:30,0
FN:34,System.Boolean Bones3Rebuilt.ProcMesh::get_HasTriangles()
FNDA:0,System.Boolean Bones3Rebuilt.ProcMesh::get_HasTriangles()
DA:35,0
FN:40,System.Void Bones3Rebuilt.ProcMesh::Clear()
FNDA:0,System.Void Bones3Rebuilt.ProcMesh::Clear()
DA:41,0
DA:42,0
DA:43,0
DA:44,0
DA:45,0
DA:46,0
FN:52,System.Void Bones3Rebuilt.ProcMesh::AddData(Bones3Rebuilt.ProcMesh)
FNDA:0,System.Void Bones3Rebuilt.ProcMesh::AddData(Bones3Rebuilt.ProcMesh)
DA:53,0
DA:54,0
DA:55,0
DA:57,0
DA:58,0
DA:59,0
DA:60,0
DA:61,0
BRDA:54,7,1,0
BRDA:54,7,0,0
LF:19
LH:0
BRF:2
BRH:0
FNF:7
FNH:0
end_of_record
SF:/home/thedudefromci/Documents/workspace/Bones3-Core/Core/Source/Remeshing/RemeshHandler.cs
FN:17,System.Void Bones3Rebuilt.RemeshHandler::RemeshChunk(Bones3Rebuilt.IChunkProperties)
FNDA:0,System.Void Bones3Rebuilt.RemeshHandler::RemeshChunk(Bones3Rebuilt.IChunkProperties)
DA:18,0
DA:19,0
DA:20,0
DA:22,0
DA:23,0
DA:24,0
BRDA:22,65,1,0
BRDA:22,65,0,0
FN:27,System.Void Bones3Rebuilt.RemeshHandler::FinishTasks()
FNDA:0,System.Void Bones3Rebuilt.RemeshHandler::FinishTasks()
DA:28,0
DA:29,0
DA:30,0
DA:31,0
DA:32,0
DA:34,0
DA:36,0
DA:37,0
DA:38,0
BRDA:29,78,1,0
BRDA:36,44,0,0
BRDA:36,44,1,0
BRDA:29,78,0,0
FN:44,System.Void Bones3Rebuilt.RemeshHandler::AddDistributor(Bones3Rebuilt.IRemeshDistributor)
FNDA:0,System.Void Bones3Rebuilt.RemeshHandler::AddDistributor(Bones3Rebuilt.IRemeshDistributor)
DA:45,0
DA:46,0
DA:47,0
DA:49,0
DA:50,0
DA:52,0
DA:53,0
BRDA:46,7,1,0
BRDA:49,25,1,0
BRDA:46,7,0,0
BRDA:49,25,0,0
FN:59,System.Void Bones3Rebuilt.RemeshHandler::RemoveDistributor(Bones3Rebuilt.IRemeshDistributor)
FNDA:0,System.Void Bones3Rebuilt.RemeshHandler::RemoveDistributor(Bones3Rebuilt.IRemeshDistributor)
DA:60,0
DA:61,0
DA:62,0
DA:64,0
DA:65,0
BRDA:61,7,1,0
BRDA:61,7,0,0
FN:9,System.Void Bones3Rebuilt.RemeshHandler::.ctor()
FNDA:0,System.Void Bones3Rebuilt.RemeshHandler::.ctor()
DA:10,0
DA:11,0
LF:29
LH:0
BRF:12
BRH:0
FNF:5
FNH:0
end_of_record
SF:/home/thedudefromci/Documents/workspace/Bones3-Core/Core/Source/Remeshing/RemeshReport.cs
FN:8,Bones3Rebuilt.ChunkPosition Bones3Rebuilt.RemeshReport::get_ChunkPosition()
FNDA:0,Bones3Rebuilt.ChunkPosition Bones3Rebuilt.RemeshReport::get_ChunkPosition()
DA:9,0
FN:14,Bones3Rebuilt.LayeredProcMesh Bones3Rebuilt.RemeshReport::get_CollisionMesh()
FNDA:0,Bones3Rebuilt.LayeredProcMesh Bones3Rebuilt.RemeshReport::get_CollisionMesh()
DA:15,0
FN:20,Bones3Rebuilt.LayeredProcMesh Bones3Rebuilt.RemeshReport::get_VisualMesh()
FNDA:0,Bones3Rebuilt.LayeredProcMesh Bones3Rebuilt.RemeshReport::get_VisualMesh()
DA:21,0
FN:28,System.Void Bones3Rebuilt.RemeshReport::.ctor(Bones3Rebuilt.ChunkPosition,Bones3Rebuilt.LayeredProcMesh,Bones3Rebuilt.LayeredProcMesh)
FNDA:0,System.Void Bones3Rebuilt.RemeshReport::.ctor(Bones3Rebuilt.ChunkPosition,Bones3Rebuilt.LayeredProcMesh,Bones3Rebuilt.LayeredProcMesh)
DA:29,0
DA:30,0
DA:31,0
DA:32,0
DA:33,0
DA:34,0
LF:9
LH:0
BRF:0
BRH:0
FNF:4
FNH:0
end_of_record
SF:/home/thedudefromci/Documents/workspace/Bones3-Core/Core/Source/Remeshing/RemeshTaskStack.cs
FN:27,Bones3Rebuilt.RemeshReport Bones3Rebuilt.RemeshTaskStack::ToReport()
FNDA:0,Bones3Rebuilt.RemeshReport Bones3Rebuilt.RemeshTaskStack::ToReport()
DA:28,0
DA:29,0
DA:30,0
DA:32,0
DA:33,0
FN:40,Bones3Rebuilt.LayeredProcMesh Bones3Rebuilt.RemeshTaskStack::CompressTasks(System.Collections.Generic.List`1<Bones3Rebuilt.IRemeshTask>)
FNDA:0,Bones3Rebuilt.LayeredProcMesh Bones3Rebuilt.RemeshTaskStack::CompressTasks(System.Collections.Generic.List`1<Bones3Rebuilt.IRemeshTask>)
DA:41,0
DA:42,0
DA:44,0
DA:45,0
DA:46,0
DA:47,0
DA:48,0
DA:50,0
DA:51,0
BRDA:44,66,1,0
BRDA:44,66,0,0
FN:57,System.Void Bones3Rebuilt.RemeshTaskStack::AddCollisionTask(Bones3Rebuilt.IRemeshTask)
FNDA:0,System.Void Bones3Rebuilt.RemeshTaskStack::AddCollisionTask(Bones3Rebuilt.IRemeshTask)
DA:58,0
DA:59,0
DA:60,0
FN:66,System.Void Bones3Rebuilt.RemeshTaskStack::AddVisualTask(Bones3Rebuilt.IRemeshTask)
FNDA:0,System.Void Bones3Rebuilt.RemeshTaskStack::AddVisualTask(Bones3Rebuilt.IRemeshTask)
DA:67,0
DA:68,0
DA:69,0
FN:9,System.Void Bones3Rebuilt.RemeshTaskStack::.ctor(Bones3Rebuilt.ChunkPosition)
FNDA:0,System.Void Bones3Rebuilt.RemeshTaskStack::.ctor(Bones3Rebuilt.ChunkPosition)
DA:10,0
DA:11,0
DA:18,0
DA:19,0
DA:20,0
DA:21,0
LF:26
LH:0
BRF:2
BRH:0
FNF:5
FNH:0
end_of_record
SF:/home/thedudefromci/Documents/workspace/Bones3-Core/Core/Source/Remeshing/Tasks/CollisionRemeshTask.cs
FN:14,System.Boolean Bones3Rebuilt.CollisionRemeshTask::CanPlaceQuad(Bones3Rebuilt.IChunkProperties,Bones3Rebuilt.BlockPosition,System.Int32)
FNDA:0,System.Boolean Bones3Rebuilt.CollisionRemeshTask::CanPlaceQuad(Bones3Rebuilt.IChunkProperties,Bones3Rebuilt.BlockPosition,System.Int32)
DA:15,0
DA:16,0
DA:17,0
DA:18,0
DA:20,0
DA:21,0
DA:22,0
DA:23,0
DA:25,0
DA:26,0
DA:27,0
BRDA:17,20,0,0
BRDA:17,20,1,0
BRDA:22,62,0,0
BRDA:22,62,1,0
FN:9,System.Void Bones3Rebuilt.CollisionRemeshTask::.ctor(Bones3Rebuilt.IChunkProperties)
FNDA:0,System.Void Bones3Rebuilt.CollisionRemeshTask::.ctor(Bones3Rebuilt.IChunkProperties)
DA:10,0
DA:11,0
LF:13
LH:0
BRF:4
BRH:0
FNF:2
FNH:0
end_of_record
SF:/home/thedudefromci/Documents/workspace/Bones3-Core/Core/Source/Remeshing/Tasks/VisualRemeshTask.cs
FN:18,System.Boolean Bones3Rebuilt.VisualRemeshTask::CanPlaceQuad(Bones3Rebuilt.IChunkProperties,Bones3Rebuilt.BlockPosition,System.Int32)
FNDA:0,System.Boolean Bones3Rebuilt.VisualRemeshTask::CanPlaceQuad(Bones3Rebuilt.IChunkProperties,Bones3Rebuilt.BlockPosition,System.Int32)
DA:19,0
DA:20,0
DA:21,0
DA:22,0
DA:24,0
DA:25,0
DA:26,0
BRDA:21,34,0,0
BRDA:21,34,1,0
BRDA:25,55,0,0
BRDA:25,55,1,0
FN:11,System.Void Bones3Rebuilt.VisualRemeshTask::.ctor(Bones3Rebuilt.IChunkProperties,System.Int32)
FNDA:0,System.Void Bones3Rebuilt.VisualRemeshTask::.ctor(Bones3Rebuilt.IChunkProperties,System.Int32)
DA:12,0
DA:13,0
DA:14,0
DA:15,0
LF:11
LH:0
BRF:4
BRH:0
FNF:2
FNH:0
end_of_record
SF:/home/thedudefromci/Documents/workspace/Bones3-Core/Core/Source/Remeshing/VertexWielder.cs
FN:7,System.Void Bones3Rebuilt.VertexWielder::WieldVertices(Bones3Rebuilt.ProcMesh)
FNDA:0,System.Void Bones3Rebuilt.VertexWielder::WieldVertices(Bones3Rebuilt.ProcMesh)
DA:8,0
DA:9,0
DA:10,0
DA:12,0
DA:13,0
DA:14,0
DA:16,0
DA:17,0
DA:18,0
DA:19,0
DA:20,0
DA:22,0
DA:23,0
DA:24,0
DA:25,0
DA:27,0
DA:28,0
DA:30,0
DA:31,0
DA:33,0
DA:35,0
DA:36,0
DA:38,0
DA:39,0
DA:41,0
DA:42,0
DA:43,0
DA:44,0
DA:46,0
DA:47,0
DA:48,0
DA:49,0
DA:52,0
DA:53,0
DA:54,0
DA:55,0
DA:56,0
BRDA:12,32,0,0
BRDA:12,32,1,0
BRDA:12,56,0,0
BRDA:12,59,0,0
BRDA:12,59,1,0
BRDA:12,56,1,0
BRDA:12,96,0,0
BRDA:12,96,1,0
BRDA:16,548,1,0
BRDA:19,132,0,0
BRDA:19,132,1,0
BRDA:20,161,0,0
BRDA:20,161,1,0
BRDA:22,520,1,0
BRDA:24,224,1,0
BRDA:27,232,0,0
BRDA:27,232,1,0
BRDA:27,261,1,0
BRDA:30,269,0,0
BRDA:30,269,1,0
BRDA:30,298,1,0
BRDA:35,324,0,0
BRDA:35,324,1,0
BRDA:38,345,0,0
BRDA:38,345,1,0
BRDA:41,492,1,0
BRDA:43,388,1,0
BRDA:46,413,0,0
BRDA:46,413,1,0
BRDA:43,388,0,0
BRDA:41,492,0,0
BRDA:24,224,0,0
BRDA:27,261,0,0
BRDA:30,298,0,0
BRDA:22,520,0,0
BRDA:16,548,0,0
LF:37
LH:0
BRF:36
BRH:0
FNF:1
FNH:0
end_of_record
SF:/home/thedudefromci/Documents/workspace/Bones3-Core/Core/Source/Remeshing/Voxel/GreedyMesher.cs
FN:103,System.Void Bones3Rebuilt.GreedyMesher::SetQuad(System.Int32,System.Int32,Bones3Rebuilt.GreedyMesher/Quad)
FNDA:0,System.Void Bones3Rebuilt.GreedyMesher::SetQuad(System.Int32,System.Int32,Bones3Rebuilt.GreedyMesher/Quad)
DA:104,0
DA:105,0
DA:106,0
DA:108,0
DA:109,0
DA:110,0
DA:112,0
DA:113,0
BRDA:105,7,0,0
BRDA:105,7,1,0
BRDA:105,21,0,0
BRDA:105,21,1,0
BRDA:108,34,0,0
BRDA:108,43,0,0
BRDA:108,47,0,0
BRDA:108,34,1,0
BRDA:108,43,1,0
BRDA:108,47,1,0
BRDA:108,66,0,0
BRDA:108,66,1,0
FN:121,Bones3Rebuilt.GreedyMesher/Quad Bones3Rebuilt.GreedyMesher::GetQuad(System.Int32,System.Int32)
FNDA:0,Bones3Rebuilt.GreedyMesher/Quad Bones3Rebuilt.GreedyMesher::GetQuad(System.Int32,System.Int32)
DA:122,0
DA:123,0
DA:124,0
FN:132,System.Void Bones3Rebuilt.GreedyMesher::Mesh(System.Int32,System.Int32,Bones3Rebuilt.ProcMesh)
FNDA:0,System.Void Bones3Rebuilt.GreedyMesher::Mesh(System.Int32,System.Int32,Bones3Rebuilt.ProcMesh)
DA:133,0
DA:134,0
DA:136,0
DA:137,0
DA:138,0
DA:139,0
DA:141,0
DA:143,0
DA:144,0
DA:145,0
DA:146,0
DA:147,0
DA:148,0
DA:149,0
DA:150,0
DA:151,0
DA:152,0
DA:153,0
DA:155,0
DA:156,0
DA:157,0
DA:159,0
DA:160,0
BRDA:136,259,1,0
BRDA:138,63,1,0
BRDA:138,63,0,0
BRDA:136,259,0,0
FN:168,System.Void Bones3Rebuilt.GreedyMesher::ClearQuad(Bones3Rebuilt.GreedyMesher/QuadPos,System.Int32,System.Int32)
FNDA:0,System.Void Bones3Rebuilt.GreedyMesher::ClearQuad(Bones3Rebuilt.GreedyMesher/QuadPos,System.Int32,System.Int32)
DA:169,0
DA:170,0
DA:171,0
DA:172,0
DA:173,0
BRDA:170,69,1,0
BRDA:171,46,1,0
BRDA:171,46,0,0
BRDA:170,69,0,0
FN:181,System.Void Bones3Rebuilt.GreedyMesher::FindNextQuad(Bones3Rebuilt.GreedyMesher/QuadPos,System.Int32&,System.Int32&)
FNDA:0,System.Void Bones3Rebuilt.GreedyMesher::FindNextQuad(Bones3Rebuilt.GreedyMesher/QuadPos,System.Int32&,System.Int32&)
DA:182,0
DA:183,0
DA:185,0
DA:186,0
DA:187,0
DA:188,0
DA:189,0
DA:190,0
DA:191,0
DA:193,0
DA:194,0
DA:196,0
DA:197,0
DA:198,0
DA:199,0
BRDA:189,40,0,0
BRDA:189,40,1,0
BRDA:189,88,1,0
BRDA:189,88,0,0
BRDA:193,108,0,0
BRDA:193,108,1,0
BRDA:196,123,0,0
BRDA:196,123,1,0
BRDA:196,178,1,0
BRDA:196,178,0,0
FN:85,System.Void Bones3Rebuilt.GreedyMesher::.ctor(Bones3Rebuilt.GridSize,System.Boolean)
FNDA:0,System.Void Bones3Rebuilt.GreedyMesher::.ctor(Bones3Rebuilt.GridSize,System.Boolean)
DA:86,0
DA:87,0
DA:88,0
DA:89,0
DA:90,0
DA:91,0
DA:92,0
FN:17,System.Int32 Bones3Rebuilt.GreedyMesher/Quad::get_Rotation()
FNDA:0,System.Int32 Bones3Rebuilt.GreedyMesher/Quad::get_Rotation()
DA:18,0
FN:22,System.Int32 Bones3Rebuilt.GreedyMesher/Quad::get_TextureIndex()
FNDA:0,System.Int32 Bones3Rebuilt.GreedyMesher/Quad::get_TextureIndex()
DA:23,0
FN:27,System.Boolean Bones3Rebuilt.GreedyMesher/Quad::get_Active()
FNDA:0,System.Boolean Bones3Rebuilt.GreedyMesher/Quad::get_Active()
DA:28,0
FN:35,System.Void Bones3Rebuilt.GreedyMesher/Quad::.ctor(System.Int32,System.Int32)
FNDA:0,System.Void Bones3Rebuilt.GreedyMesher/Quad::.ctor(System.Int32,System.Int32)
DA:36,0
DA:37,0
DA:38,0
DA:39,0
DA:40,0
FN:51,System.Int32 Bones3Rebuilt.GreedyMesher/QuadPos::get_X()
FNDA:0,System.Int32 Bones3Rebuilt.GreedyMesher/QuadPos::get_X()
DA:52,0
FN:57,System.Int32 Bones3Rebuilt.GreedyMesher/QuadPos::get_Y()
FNDA:0,System.Int32 Bones3Rebuilt.GreedyMesher/QuadPos::get_Y()
DA:58,0
FN:59,Bones3Rebuilt.GreedyMesher/Quad Bones3Rebuilt.GreedyMesher/QuadPos::get_Quad()
FNDA:0,Bones3Rebuilt.GreedyMesher/Quad Bones3Rebuilt.GreedyMesher/QuadPos::get_Quad()
DA:60,0
FN:68,System.Void Bones3Rebuilt.GreedyMesher/QuadPos::.ctor(System.Int32,System.Int32,Bones3Rebuilt.GreedyMesher/Quad)
FNDA:0,System.Void Bones3Rebuilt.GreedyMesher/QuadPos::.ctor(System.Int32,System.Int32,Bones3Rebuilt.GreedyMesher/Quad)
DA:69,0
DA:70,0
DA:71,0
DA:72,0
DA:73,0
FN:205,System.Boolean Bones3Rebuilt.GreedyMesher/<PlaneIterator>d__12::MoveNext()
FNDA:0,System.Boolean Bones3Rebuilt.GreedyMesher/<PlaneIterator>d__12::MoveNext()
DA:206,0
DA:207,0
DA:208,0
DA:209,0
DA:210,0
BRDA:206,14,0,0
BRDA:207,188,1,0
BRDA:208,149,1,0
BRDA:206,14,1,0
BRDA:208,149,0,0
BRDA:207,188,0,0
LF:82
LH:0
BRF:36
BRH:0
FNF:15
FNH:0
end_of_record
SF:/home/thedudefromci/Documents/workspace/Bones3-Core/Core/Source/Remeshing/Voxel/QuadBuilder.cs
FN:71,Bones3Rebuilt.ProcMesh Bones3Rebuilt.QuadBuilder::get_Mesh()
FNDA:0,Bones3Rebuilt.ProcMesh Bones3Rebuilt.QuadBuilder::get_Mesh()
DA:72,0
FN:87,System.Void Bones3Rebuilt.QuadBuilder::WriteQuad(Bones3Rebuilt.QuadBuilder/QuadMesh)
FNDA:0,System.Void Bones3Rebuilt.QuadBuilder::WriteQuad(Bones3Rebuilt.QuadBuilder/QuadMesh)
DA:88,0
DA:89,0
DA:90,0
DA:91,0
DA:93,0
DA:94,0
DA:95,0
BRDA:93,38,0,0
BRDA:93,38,1,0
FN:100,System.Void Bones3Rebuilt.QuadBuilder::AddTriangleIndices()
FNDA:0,System.Void Bones3Rebuilt.QuadBuilder::AddTriangleIndices()
DA:101,0
DA:102,0
DA:103,0
DA:104,0
DA:105,0
DA:106,0
DA:107,0
DA:108,0
DA:109,0
FN:115,System.Void Bones3Rebuilt.QuadBuilder::AddVertices(Bones3Rebuilt.QuadBuilder/QuadMesh)
FNDA:0,System.Void Bones3Rebuilt.QuadBuilder::AddVertices(Bones3Rebuilt.QuadBuilder/QuadMesh)
DA:116,0
DA:117,0
DA:120,0
DA:121,0
DA:124,0
DA:125,0
DA:128,0
DA:129,0
DA:132,0
DA:133,0
DA:136,0
DA:137,0
DA:140,0
DA:141,0
DA:143,0
BRDA:117,12,1,0
BRDA:117,12,2,0
BRDA:117,12,3,0
BRDA:117,12,4,0
BRDA:117,12,5,0
BRDA:117,12,6,0
BRDA:117,12,0,0
FN:145,System.Void Bones3Rebuilt.QuadBuilder::AddQuadVerticesSide0(Bones3Rebuilt.QuadBuilder/QuadMesh)
FNDA:0,System.Void Bones3Rebuilt.QuadBuilder::AddQuadVerticesSide0(Bones3Rebuilt.QuadBuilder/QuadMesh)
DA:146,0
DA:147,0
DA:148,0
DA:149,0
DA:151,0
DA:152,0
DA:153,0
DA:155,0
DA:156,0
DA:157,0
DA:158,0
DA:159,0
FN:161,System.Void Bones3Rebuilt.QuadBuilder::AddQuadVerticesSide1(Bones3Rebuilt.QuadBuilder/QuadMesh)
FNDA:0,System.Void Bones3Rebuilt.QuadBuilder::AddQuadVerticesSide1(Bones3Rebuilt.QuadBuilder/QuadMesh)
DA:162,0
DA:163,0
DA:164,0
DA:165,0
DA:167,0
DA:168,0
DA:170,0
DA:171,0
DA:172,0
DA:173,0
DA:174,0
FN:176,System.Void Bones3Rebuilt.QuadBuilder::AddQuadVerticesSide2(Bones3Rebuilt.QuadBuilder/QuadMesh)
FNDA:0,System.Void Bones3Rebuilt.QuadBuilder::AddQuadVerticesSide2(Bones3Rebuilt.QuadBuilder/QuadMesh)
DA:177,0
DA:178,0
DA:179,0
DA:180,0
DA:182,0
DA:183,0
DA:184,0
DA:186,0
DA:187,0
DA:188,0
DA:189,0
DA:190,0
FN:192,System.Void Bones3Rebuilt.QuadBuilder::AddQuadVerticesSide3(Bones3Rebuilt.QuadBuilder/QuadMesh)
FNDA:0,System.Void Bones3Rebuilt.QuadBuilder::AddQuadVerticesSide3(Bones3Rebuilt.QuadBuilder/QuadMesh)
DA:193,0
DA:194,0
DA:195,0
DA:196,0
DA:198,0
DA:199,0
DA:201,0
DA:202,0
DA:203,0
DA:204,0
DA:205,0
FN:207,System.Void Bones3Rebuilt.QuadBuilder::AddQuadVerticesSide4(Bones3Rebuilt.QuadBuilder/QuadMesh)
FNDA:0,System.Void Bones3Rebuilt.QuadBuilder::AddQuadVerticesSide4(Bones3Rebuilt.QuadBuilder/QuadMesh)
DA:208,0
DA:209,0
DA:210,0
DA:211,0
DA:213,0
DA:214,0
DA:215,0
DA:217,0
DA:218,0
DA:219,0
DA:220,0
DA:221,0
FN:223,System.Void Bones3Rebuilt.QuadBuilder::AddQuadVerticesSide5(Bones3Rebuilt.QuadBuilder/QuadMesh)
FNDA:0,System.Void Bones3Rebuilt.QuadBuilder::AddQuadVerticesSide5(Bones3Rebuilt.QuadBuilder/QuadMesh)
DA:224,0
DA:225,0
DA:226,0
DA:227,0
DA:229,0
DA:230,0
DA:232,0
DA:233,0
DA:234,0
DA:235,0
DA:236,0
FN:242,System.Void Bones3Rebuilt.QuadBuilder::AddUVs(Bones3Rebuilt.QuadBuilder/QuadMesh)
FNDA:0,System.Void Bones3Rebuilt.QuadBuilder::AddUVs(Bones3Rebuilt.QuadBuilder/QuadMesh)
DA:243,0
DA:244,0
DA:245,0
DA:246,0
DA:247,0
DA:248,0
DA:249,0
DA:250,0
DA:251,0
DA:253,0
DA:254,0
FN:260,System.Void Bones3Rebuilt.QuadBuilder::AddNormals(System.Int32)
FNDA:0,System.Void Bones3Rebuilt.QuadBuilder::AddNormals(System.Int32)
DA:261,0
DA:262,0
DA:263,0
DA:265,0
DA:266,0
DA:267,0
BRDA:265,80,1,0
BRDA:265,80,0,0
FN:64,System.Void Bones3Rebuilt.QuadBuilder::.ctor(System.Boolean)
FNDA:0,System.Void Bones3Rebuilt.QuadBuilder::.ctor(System.Boolean)
DA:65,0
DA:78,0
DA:79,0
DA:80,0
DA:81,0
FN:18,System.Int32 Bones3Rebuilt.QuadBuilder/QuadMesh::get_X()
FNDA:0,System.Int32 Bones3Rebuilt.QuadBuilder/QuadMesh::get_X()
DA:19,0
FN:24,System.Int32 Bones3Rebuilt.QuadBuilder/QuadMesh::get_Y()
FNDA:0,System.Int32 Bones3Rebuilt.QuadBuilder/QuadMesh::get_Y()
DA:25,0
FN:30,System.Int32 Bones3Rebuilt.QuadBuilder/QuadMesh::get_W()
FNDA:0,System.Int32 Bones3Rebuilt.QuadBuilder/QuadMesh::get_W()
DA:31,0
FN:36,System.Int32 Bones3Rebuilt.QuadBuilder/QuadMesh::get_H()
FNDA:0,System.Int32 Bones3Rebuilt.QuadBuilder/QuadMesh::get_H()
DA:37,0
FN:42,System.Int32 Bones3Rebuilt.QuadBuilder/QuadMesh::get_Side()
FNDA:0,System.Int32 Bones3Rebuilt.QuadBuilder/QuadMesh::get_Side()
DA:43,0
FN:48,System.Int32 Bones3Rebuilt.QuadBuilder/QuadMesh::get_Offset()
FNDA:0,System.Int32 Bones3Rebuilt.QuadBuilder/QuadMesh::get_Offset()
DA:49,0
FN:54,System.Int32 Bones3Rebuilt.QuadBuilder/QuadMesh::get_TextureIndex()
FNDA:0,System.Int32 Bones3Rebuilt.QuadBuilder/QuadMesh::get_TextureIndex()
DA:55,0
FN:61,System.Int32 Bones3Rebuilt.QuadBuilder/QuadMesh::get_TextureRotation()
FNDA:0,System.Int32 Bones3Rebuilt.QuadBuilder/QuadMesh::get_TextureRotation()
DA:62,0
LF:131
LH:0
BRF:11
BRH:0
FNF:21
FNH:0
end_of_record
SF:/home/thedudefromci/Documents/workspace/Bones3-Core/Core/Source/Remeshing/Voxel/UVLookupTable.cs
FN:47,System.Void Bones3Rebuilt.UVLookupTable::Find(System.Collections.Generic.List`1<Bones3Rebuilt.Util.Vec3>,Bones3Rebuilt.UVLookupTable/UVSpecs)
FNDA:0,System.Void Bones3Rebuilt.UVLookupTable::Find(System.Collections.Generic.List`1<Bones3Rebuilt.Util.Vec3>,Bones3Rebuilt.UVLookupTable/UVSpecs)
DA:48,0
DA:49,0
DA:50,0
DA:52,0
DA:53,0
DA:55,0
DA:56,0
DA:58,0
DA:59,0
BRDA:49,9,0,0
BRDA:49,9,1,0
BRDA:49,26,0,0
BRDA:49,26,1,0
BRDA:52,64,0,0
BRDA:52,64,1,0
BRDA:52,81,0,0
BRDA:52,81,1,0
BRDA:55,125,0,0
BRDA:55,125,1,0
FN:61,System.Void Bones3Rebuilt.UVLookupTable::FindFront(System.Collections.Generic.List`1<Bones3Rebuilt.Util.Vec3>,Bones3Rebuilt.UVLookupTable/UVSpecs)
FNDA:0,System.Void Bones3Rebuilt.UVLookupTable::FindFront(System.Collections.Generic.List`1<Bones3Rebuilt.Util.Vec3>,Bones3Rebuilt.UVLookupTable/UVSpecs)
DA:62,0
DA:63,0
DA:64,0
DA:66,0
DA:67,0
BRDA:63,13,0,0
BRDA:63,13,1,0
FN:69,System.Void Bones3Rebuilt.UVLookupTable::FindBack(System.Collections.Generic.List`1<Bones3Rebuilt.Util.Vec3>,Bones3Rebuilt.UVLookupTable/UVSpecs)
FNDA:0,System.Void Bones3Rebuilt.UVLookupTable::FindBack(System.Collections.Generic.List`1<Bones3Rebuilt.Util.Vec3>,Bones3Rebuilt.UVLookupTable/UVSpecs)
DA:70,0
DA:71,0
DA:72,0
DA:74,0
DA:75,0
BRDA:71,13,0,0
BRDA:71,13,1,0
FN:77,System.Void Bones3Rebuilt.UVLookupTable::FindFrontNormal(System.Collections.Generic.List`1<Bones3Rebuilt.Util.Vec3>,Bones3Rebuilt.UVLookupTable/UVSpecs)
FNDA:0,System.Void Bones3Rebuilt.UVLookupTable::FindFrontNormal(System.Collections.Generic.List`1<Bones3Rebuilt.Util.Vec3>,Bones3Rebuilt.UVLookupTable/UVSpecs)
DA:78,0
DA:79,0
DA:82,0
DA:83,0
DA:84,0
DA:85,0
DA:86,0
DA:89,0
DA:90,0
DA:91,0
DA:92,0
DA:93,0
DA:96,0
DA:97,0
DA:98,0
DA:99,0
DA:100,0
DA:103,0
DA:104,0
DA:105,0
DA:106,0
DA:107,0
DA:109,0
BRDA:79,12,1,0
BRDA:79,12,2,0
BRDA:79,12,3,0
BRDA:79,12,4,0
BRDA:79,12,0,0
FN:111,System.Void Bones3Rebuilt.UVLookupTable::FindFrontMirrored(System.Collections.Generic.List`1<Bones3Rebuilt.Util.Vec3>,Bones3Rebuilt.UVLookupTable/UVSpecs)
FNDA:0,System.Void Bones3Rebuilt.UVLookupTable::FindFrontMirrored(System.Collections.Generic.List`1<Bones3Rebuilt.Util.Vec3>,Bones3Rebuilt.UVLookupTable/UVSpecs)
DA:112,0
DA:113,0
DA:116,0
DA:117,0
DA:118,0
DA:119,0
DA:120,0
DA:123,0
DA:124,0
DA:125,0
DA:126,0
DA:127,0
DA:130,0
DA:131,0
DA:132,0
DA:133,0
DA:134,0
DA:137,0
DA:138,0
DA:139,0
DA:140,0
DA:141,0
DA:143,0
BRDA:113,14,1,0
BRDA:113,14,2,0
BRDA:113,14,3,0
BRDA:113,14,4,0
BRDA:113,14,0,0
FN:145,System.Void Bones3Rebuilt.UVLookupTable::FindBackNormal(System.Collections.Generic.List`1<Bones3Rebuilt.Util.Vec3>,Bones3Rebuilt.UVLookupTable/UVSpecs)
FNDA:0,System.Void Bones3Rebuilt.UVLookupTable::FindBackNormal(System.Collections.Generic.List`1<Bones3Rebuilt.Util.Vec3>,Bones3Rebuilt.UVLookupTable/UVSpecs)
DA:146,0
DA:147,0
DA:150,0
DA:151,0
DA:152,0
DA:153,0
DA:154,0
DA:157,0
DA:158,0
DA:159,0
DA:160,0
DA:161,0
DA:164,0
DA:165,0
DA:166,0
DA:167,0
DA:168,0
DA:171,0
DA:172,0
DA:173,0
DA:174,0
DA:175,0
DA:177,0
BRDA:147,12,1,0
BRDA:147,12,2,0
BRDA:147,12,3,0
BRDA:147,12,4,0
BRDA:147,12,0,0
FN:179,System.Void Bones3Rebuilt.UVLookupTable::FindBackMirrored(System.Collections.Generic.List`1<Bones3Rebuilt.Util.Vec3>,Bones3Rebuilt.UVLookupTable/UVSpecs)
FNDA:0,System.Void Bones3Rebuilt.UVLookupTable::FindBackMirrored(System.Collections.Generic.List`1<Bones3Rebuilt.Util.Vec3>,Bones3Rebuilt.UVLookupTable/UVSpecs)
DA:180,0
DA:181,0
DA:184,0
DA:185,0
DA:186,0
DA:187,0
DA:188,0
DA:191,0
DA:192,0
DA:193,0
DA:194,0
DA:195,0
DA:198,0
DA:199,0
DA:200,0
DA:201,0
DA:202,0
DA:205,0
DA:206,0
DA:207,0
DA:208,0
DA:209,0
DA:211,0
BRDA:181,14,1,0
BRDA:181,14,2,0
BRDA:181,14,3,0
BRDA:181,14,4,0
BRDA:181,14,0,0
FN:18,System.Int32 Bones3Rebuilt.UVLookupTable/UVSpecs::get_Side()
FNDA:0,System.Int32 Bones3Rebuilt.UVLookupTable/UVSpecs::get_Side()
DA:19,0
FN:23,System.Int32 Bones3Rebuilt.UVLookupTable/UVSpecs::get_Rotation()
FNDA:0,System.Int32 Bones3Rebuilt.UVLookupTable/UVSpecs::get_Rotation()
DA:24,0
FN:28,System.Int32 Bones3Rebuilt.UVLookupTable/UVSpecs::get_W()
FNDA:0,System.Int32 Bones3Rebuilt.UVLookupTable/UVSpecs::get_W()
DA:29,0
FN:33,System.Int32 Bones3Rebuilt.UVLookupTable/UVSpecs::get_H()
FNDA:0,System.Int32 Bones3Rebuilt.UVLookupTable/UVSpecs::get_H()
DA:34,0
FN:38,System.Int32 Bones3Rebuilt.UVLookupTable/UVSpecs::get_Texture()
FNDA:0,System.Int32 Bones3Rebuilt.UVLookupTable/UVSpecs::get_Texture()
DA:39,0
LF:116
LH:0
BRF:34
BRH:0
FNF:12
FNH:0
end_of_record
SF:/home/thedudefromci/Documents/workspace/Bones3-Core/Core/Source/Remeshing/Voxel/VoxelChunkMesher.cs
FN:16,Bones3Rebuilt.ProcMesh Bones3Rebuilt.VoxelChunkMesher::get_Mesh()
FNDA:0,Bones3Rebuilt.ProcMesh Bones3Rebuilt.VoxelChunkMesher::get_Mesh()
DA:17,0
FN:40,System.Void Bones3Rebuilt.VoxelChunkMesher::Remesh()
FNDA:0,System.Void Bones3Rebuilt.VoxelChunkMesher::Remesh()
DA:41,0
DA:42,0
DA:44,0
DA:45,0
DA:46,0
DA:47,0
DA:48,0
DA:49,0
DA:50,0
DA:51,0
DA:52,0
DA:53,0
DA:55,0
DA:56,0
DA:58,0
DA:59,0
DA:60,0
DA:61,0
DA:63,0
DA:64,0
DA:65,0
DA:66,0
DA:68,0
DA:69,0
DA:70,0
DA:71,0
DA:73,0
DA:74,0
DA:75,0
BRDA:44,275,1,0
BRDA:46,257,1,0
BRDA:49,211,1,0
BRDA:51,190,1,0
BRDA:55,91,1,0
BRDA:55,91,0,0
BRDA:51,190,0,0
BRDA:49,211,0,0
BRDA:68,222,0,0
BRDA:68,222,1,0
BRDA:46,257,0,0
BRDA:44,275,0,0
BRDA:73,290,0,0
BRDA:73,290,1,0
FN:83,System.Int32 Bones3Rebuilt.VoxelChunkMesher::SolveRotation(Bones3Rebuilt.BlockPosition,Bones3Rebuilt.FaceRotation)
FNDA:0,System.Int32 Bones3Rebuilt.VoxelChunkMesher::SolveRotation(Bones3Rebuilt.BlockPosition,Bones3Rebuilt.FaceRotation)
DA:84,0
DA:85,0
DA:86,0
DA:88,0
DA:89,0
DA:90,0
DA:92,0
DA:93,0
DA:94,0
DA:95,0
DA:97,0
DA:100,0
DA:101,0
BRDA:85,7,0,0
BRDA:85,7,1,0
FN:110,Bones3Rebuilt.BlockPosition Bones3Rebuilt.VoxelChunkMesher::GetAsBlockCoords(System.Int32,System.Int32,System.Int32,System.Int32)
FNDA:0,Bones3Rebuilt.BlockPosition Bones3Rebuilt.VoxelChunkMesher::GetAsBlockCoords(System.Int32,System.Int32,System.Int32,System.Int32)
DA:111,0
DA:112,0
DA:116,0
DA:120,0
DA:124,0
DA:127,0
DA:129,0
BRDA:112,6,1,0
BRDA:112,6,2,0
BRDA:112,6,3,0
BRDA:112,6,4,0
BRDA:112,6,5,0
BRDA:112,6,6,0
BRDA:112,6,0,0
FN:132,System.Void Bones3Rebuilt.VoxelChunkMesher::Finish()
FNDA:0,System.Void Bones3Rebuilt.VoxelChunkMesher::Finish()
DA:133,0
DA:134,0
DA:135,0
FN:24,System.Void Bones3Rebuilt.VoxelChunkMesher::.ctor(Bones3Rebuilt.IChunkProperties,System.Boolean,System.Boolean)
FNDA:0,System.Void Bones3Rebuilt.VoxelChunkMesher::.ctor(Bones3Rebuilt.IChunkProperties,System.Boolean,System.Boolean)
DA:25,0
DA:26,0
DA:27,0
DA:28,0
DA:29,0
DA:31,0
DA:33,0
DA:34,0
LF:61
LH:0
BRF:23
BRH:0
FNF:6
FNH:0
end_of_record
SF:/home/thedudefromci/Documents/workspace/Bones3-Core/Core/Source/World/BlockPosition.cs
FN:8,System.Int32 Bones3Rebuilt.BlockPosition::get_X()
FNDA:0,System.Int32 Bones3Rebuilt.BlockPosition::get_X()
DA:9,0
FN:14,System.Int32 Bones3Rebuilt.BlockPosition::get_Y()
FNDA:0,System.Int32 Bones3Rebuilt.BlockPosition::get_Y()
DA:15,0
FN:20,System.Int32 Bones3Rebuilt.BlockPosition::get_Z()
FNDA:0,System.Int32 Bones3Rebuilt.BlockPosition::get_Z()
DA:21,0
FN:41,Bones3Rebuilt.ChunkPosition Bones3Rebuilt.BlockPosition::ToChunkPosition(Bones3Rebuilt.GridSize)
FNDA:0,Bones3Rebuilt.ChunkPosition Bones3Rebuilt.BlockPosition::ToChunkPosition(Bones3Rebuilt.GridSize)
DA:42,0
DA:43,0
DA:44,0
DA:45,0
DA:46,0
DA:47,0
DA:48,0
DA:49,0
FN:50,System.String Bones3Rebuilt.BlockPosition::ToString()
FNDA:0,System.String Bones3Rebuilt.BlockPosition::ToString()
DA:51,0
FN:53,Bones3Rebuilt.BlockPosition Bones3Rebuilt.BlockPosition::op_Addition(Bones3Rebuilt.BlockPosition,Bones3Rebuilt.BlockPosition)
FNDA:0,Bones3Rebuilt.BlockPosition Bones3Rebuilt.BlockPosition::op_Addition(Bones3Rebuilt.BlockPosition,Bones3Rebuilt.BlockPosition)
DA:54,0
FN:56,Bones3Rebuilt.BlockPosition Bones3Rebuilt.BlockPosition::op_Multiply(Bones3Rebuilt.BlockPosition,System.Int32)
FNDA:0,Bones3Rebuilt.BlockPosition Bones3Rebuilt.BlockPosition::op_Multiply(Bones3Rebuilt.BlockPosition,System.Int32)
DA:57,0
FN:59,Bones3Rebuilt.BlockPosition Bones3Rebuilt.BlockPosition::op_BitwiseAnd(Bones3Rebuilt.BlockPosition,System.Int32)
FNDA:0,Bones3Rebuilt.BlockPosition Bones3Rebuilt.BlockPosition::op_BitwiseAnd(Bones3Rebuilt.BlockPosition,System.Int32)
DA:60,0
FN:29,System.Void Bones3Rebuilt.BlockPosition::.ctor(System.Int32,System.Int32,System.Int32)
FNDA:0,System.Void Bones3Rebuilt.BlockPosition::.ctor(System.Int32,System.Int32,System.Int32)
DA:30,0
DA:31,0
DA:32,0
DA:33,0
DA:34,0
LF:20
LH:0
BRF:0
BRH:0
FNF:9
FNH:0
end_of_record
SF:/home/thedudefromci/Documents/workspace/Bones3-Core/Core/Source/World/Callbacks/BlockContainerCreatedEvent.cs
FN:11,Bones3Rebuilt.IBlockContainer Bones3Rebuilt.BlockContainerCreatedEvent::get_BlockContainer()
FNDA:0,Bones3Rebuilt.IBlockContainer Bones3Rebuilt.BlockContainerCreatedEvent::get_BlockContainer()
DA:12,0
FN:17,Bones3Rebuilt.IBlockContainerProvider Bones3Rebuilt.BlockContainerCreatedEvent::get_ContainerProvider()
FNDA:0,Bones3Rebuilt.IBlockContainerProvider Bones3Rebuilt.BlockContainerCreatedEvent::get_ContainerProvider()
DA:18,0
FN:24,System.Void Bones3Rebuilt.BlockContainerCreatedEvent::.ctor(Bones3Rebuilt.IBlockContainer,Bones3Rebuilt.IBlockContainerProvider)
FNDA:0,System.Void Bones3Rebuilt.BlockContainerCreatedEvent::.ctor(Bones3Rebuilt.IBlockContainer,Bones3Rebuilt.IBlockContainerProvider)
DA:25,0
DA:26,0
DA:27,0
DA:28,0
DA:29,0
LF:7
LH:0
BRF:0
BRH:0
FNF:3
FNH:0
end_of_record
SF:/home/thedudefromci/Documents/workspace/Bones3-Core/Core/Source/World/Callbacks/BlockContainerDestroyedEvent.cs
FN:11,Bones3Rebuilt.IBlockContainer Bones3Rebuilt.BlockContainerDestroyedEvent::get_BlockContainer()
FNDA:0,Bones3Rebuilt.IBlockContainer Bones3Rebuilt.BlockContainerDestroyedEvent::get_BlockContainer()
DA:12,0
FN:17,Bones3Rebuilt.IBlockContainerProvider Bones3Rebuilt.BlockContainerDestroyedEvent::get_ContainerProvider()
FNDA:0,Bones3Rebuilt.IBlockContainerProvider Bones3Rebuilt.BlockContainerDestroyedEvent::get_ContainerProvider()
DA:18,0
FN:24,System.Void Bones3Rebuilt.BlockContainerDestroyedEvent::.ctor(Bones3Rebuilt.IBlockContainer,Bones3Rebuilt.IBlockContainerProvider)
FNDA:0,System.Void Bones3Rebuilt.BlockContainerDestroyedEvent::.ctor(Bones3Rebuilt.IBlockContainer,Bones3Rebuilt.IBlockContainerProvider)
DA:25,0
DA:26,0
DA:27,0
DA:28,0
DA:29,0
LF:7
LH:0
BRF:0
BRH:0
FNF:3
FNH:0
end_of_record
SF:/home/thedudefromci/Documents/workspace/Bones3-Core/Core/Source/World/Callbacks/BlockContainerModifiedEvent.cs
FN:11,Bones3Rebuilt.IBlockContainer Bones3Rebuilt.BlockContainerModifiedEvent::get_BlockContainer()
FNDA:0,Bones3Rebuilt.IBlockContainer Bones3Rebuilt.BlockContainerModifiedEvent::get_BlockContainer()
DA:12,0
FN:17,Bones3Rebuilt.BlockPosition Bones3Rebuilt.BlockContainerModifiedEvent::get_BlockPos()
FNDA:0,Bones3Rebuilt.BlockPosition Bones3Rebuilt.BlockContainerModifiedEvent::get_BlockPos()
DA:18,0
FN:23,System.UInt16 Bones3Rebuilt.BlockContainerModifiedEvent::get_OldBlock()
FNDA:0,System.UInt16 Bones3Rebuilt.BlockContainerModifiedEvent::get_OldBlock()
DA:24,0
FN:29,System.UInt16 Bones3Rebuilt.BlockContainerModifiedEvent::get_NewBlock()
FNDA:0,System.UInt16 Bones3Rebuilt.BlockContainerModifiedEvent::get_NewBlock()
DA:30,0
FN:37,System.Void Bones3Rebuilt.BlockContainerModifiedEvent::.ctor(Bones3Rebuilt.Chunk,Bones3Rebuilt.BlockPosition,System.UInt16)
FNDA:0,System.Void Bones3Rebuilt.BlockContainerModifiedEvent::.ctor(Bones3Rebuilt.Chunk,Bones3Rebuilt.BlockPosition,System.UInt16)
DA:38,0
DA:39,0
DA:40,0
DA:41,0
DA:42,0
DA:43,0
LF:10
LH:0
BRF:0
BRH:0
FNF:5
FNH:0
end_of_record
SF:/home/thedudefromci/Documents/workspace/Bones3-Core/Core/Source/World/Chunk.cs
FN:15,Bones3Rebuilt.GridSize Bones3Rebuilt.Chunk::get_Size()
FNDA:0,Bones3Rebuilt.GridSize Bones3Rebuilt.Chunk::get_Size()
DA:16,0
FN:21,Bones3Rebuilt.ChunkPosition Bones3Rebuilt.Chunk::get_Position()
FNDA:0,Bones3Rebuilt.ChunkPosition Bones3Rebuilt.Chunk::get_Position()
DA:22,0
FN:41,System.UInt16 Bones3Rebuilt.Chunk::GetBlockID(Bones3Rebuilt.BlockPosition)
FNDA:0,System.UInt16 Bones3Rebuilt.Chunk::GetBlockID(Bones3Rebuilt.BlockPosition)
DA:42,0
DA:43,0
DA:44,0
FN:47,System.Void Bones3Rebuilt.Chunk::SetBlockID(Bones3Rebuilt.BlockPosition,System.UInt16)
FNDA:0,System.Void Bones3Rebuilt.Chunk::SetBlockID(Bones3Rebuilt.BlockPosition,System.UInt16)
DA:48,0
DA:49,0
DA:50,0
DA:51,0
BRDA:49,8,0,0
BRDA:49,8,1,0
FN:31,System.Void Bones3Rebuilt.Chunk::.ctor(Bones3Rebuilt.GridSize,Bones3Rebuilt.ChunkPosition)
FNDA:0,System.Void Bones3Rebuilt.Chunk::.ctor(Bones3Rebuilt.GridSize,Bones3Rebuilt.ChunkPosition)
DA:32,0
DA:33,0
DA:34,0
DA:35,0
DA:37,0
DA:38,0
LF:15
LH:0
BRF:2
BRH:0
FNF:5
FNH:0
end_of_record
SF:/home/thedudefromci/Documents/workspace/Bones3-Core/Core/Source/World/ChunkPosition.cs
FN:8,System.Int32 Bones3Rebuilt.ChunkPosition::get_X()
FNDA:0,System.Int32 Bones3Rebuilt.ChunkPosition::get_X()
DA:9,0
FN:14,System.Int32 Bones3Rebuilt.ChunkPosition::get_Y()
FNDA:0,System.Int32 Bones3Rebuilt.ChunkPosition::get_Y()
DA:15,0
FN:20,System.Int32 Bones3Rebuilt.ChunkPosition::get_Z()
FNDA:0,System.Int32 Bones3Rebuilt.ChunkPosition::get_Z()
DA:21,0
FN:35,System.String Bones3Rebuilt.ChunkPosition::ToString()
FNDA:0,System.String Bones3Rebuilt.ChunkPosition::ToString()
DA:36,0
FN:38,Bones3Rebuilt.ChunkPosition Bones3Rebuilt.ChunkPosition::op_Addition(Bones3Rebuilt.ChunkPosition,Bones3Rebuilt.ChunkPosition)
FNDA:0,Bones3Rebuilt.ChunkPosition Bones3Rebuilt.ChunkPosition::op_Addition(Bones3Rebuilt.ChunkPosition,Bones3Rebuilt.ChunkPosition)
DA:39,0
FN:41,Bones3Rebuilt.ChunkPosition Bones3Rebuilt.ChunkPosition::op_Multiply(Bones3Rebuilt.ChunkPosition,System.Int32)
FNDA:0,Bones3Rebuilt.ChunkPosition Bones3Rebuilt.ChunkPosition::op_Multiply(Bones3Rebuilt.ChunkPosition,System.Int32)
DA:42,0
FN:44,Bones3Rebuilt.ChunkPosition Bones3Rebuilt.ChunkPosition::op_BitwiseAnd(Bones3Rebuilt.ChunkPosition,System.Int32)
FNDA:0,Bones3Rebuilt.ChunkPosition Bones3Rebuilt.ChunkPosition::op_BitwiseAnd(Bones3Rebuilt.ChunkPosition,System.Int32)
DA:45,0
FN:29,System.Void Bones3Rebuilt.ChunkPosition::.ctor(System.Int32,System.Int32,System.Int32)
FNDA:0,System.Void Bones3Rebuilt.ChunkPosition::.ctor(System.Int32,System.Int32,System.Int32)
DA:30,0
DA:31,0
DA:32,0
DA:33,0
DA:34,0
LF:12
LH:0
BRF:0
BRH:0
FNF:8
FNH:0
end_of_record
SF:/home/thedudefromci/Documents/workspace/Bones3-Core/Core/Source/World/GridSize.cs
FN:16,System.Int32 Bones3Rebuilt.GridSize::get_IntBits()
FNDA:0,System.Int32 Bones3Rebuilt.GridSize::get_IntBits()
DA:17,0
FN:22,System.Int32 Bones3Rebuilt.GridSize::get_Value()
FNDA:0,System.Int32 Bones3Rebuilt.GridSize::get_Value()
DA:23,0
FN:28,System.Int32 Bones3Rebuilt.GridSize::get_Mask()
FNDA:0,System.Int32 Bones3Rebuilt.GridSize::get_Mask()
DA:29,0
FN:33,System.Int32 Bones3Rebuilt.GridSize::get_Volume()
FNDA:0,System.Int32 Bones3Rebuilt.GridSize::get_Volume()
DA:34,0
FN:48,System.String Bones3Rebuilt.GridSize::ToString()
FNDA:0,System.String Bones3Rebuilt.GridSize::ToString()
DA:49,0
DA:50,0
DA:51,0
FN:40,System.Void Bones3Rebuilt.GridSize::.ctor(System.Int32)
FNDA:0,System.Void Bones3Rebuilt.GridSize::.ctor(System.Int32)
DA:41,0
DA:42,0
DA:43,0
DA:45,0
DA:46,0
BRDA:42,7,0,0
BRDA:42,7,1,0
LF:12
LH:0
BRF:2
BRH:0
FNF:6
FNH:0
end_of_record
SF:/home/thedudefromci/Documents/workspace/Bones3-Core/Core/Source/World/IVoxelPosition.cs
FN:36,T Bones3Rebuilt.VoxelPositionUtils::ShiftAlongDirection(T,System.Int32,System.Int32)
FNDA:0,T Bones3Rebuilt.VoxelPositionUtils::ShiftAlongDirection(T,System.Int32,System.Int32)
DA:37,0
DA:38,0
DA:41,0
DA:42,0
DA:45,0
DA:46,0
DA:49,0
DA:50,0
DA:53,0
DA:54,0
DA:57,0
DA:58,0
DA:61,0
DA:62,0
DA:65,0
DA:68,0
DA:69,0
BRDA:38,6,1,0
BRDA:38,6,2,0
BRDA:38,6,3,0
BRDA:38,6,4,0
BRDA:38,6,5,0
BRDA:38,6,6,0
BRDA:38,6,0,0
FN:76,System.Boolean Bones3Rebuilt.VoxelPositionUtils::IsWithinGrid(Bones3Rebuilt.IVoxelPosition,Bones3Rebuilt.GridSize)
FNDA:0,System.Boolean Bones3Rebuilt.VoxelPositionUtils::IsWithinGrid(Bones3Rebuilt.IVoxelPosition,Bones3Rebuilt.GridSize)
DA:77,0
DA:78,0
DA:79,0
DA:80,0
DA:81,0
BRDA:78,21,0,0
BRDA:78,43,0,0
BRDA:78,21,1,0
BRDA:78,43,1,0
FN:92,System.Int32 Bones3Rebuilt.VoxelPositionUtils::Index(Bones3Rebuilt.IVoxelPosition,Bones3Rebuilt.GridSize)
FNDA:0,System.Int32 Bones3Rebuilt.VoxelPositionUtils::Index(Bones3Rebuilt.IVoxelPosition,Bones3Rebuilt.GridSize)
DA:93,0
DA:94,0
DA:95,0
DA:97,0
DA:98,0
DA:99,0
BRDA:94,13,0,0
BRDA:94,13,1,0
LF:28
LH:0
BRF:13
BRH:0
FNF:3
FNH:0
end_of_record
SF:/home/thedudefromci/Documents/workspace/Bones3-Core/Core/Source/World/World.cs
FN:16,Bones3Rebuilt.GridSize Bones3Rebuilt.World::get_ContainerSize()
FNDA:0,Bones3Rebuilt.GridSize Bones3Rebuilt.World::get_ContainerSize()
DA:17,0
FN:35,Bones3Rebuilt.IBlockContainer Bones3Rebuilt.World::GetContainer(Bones3Rebuilt.ChunkPosition,System.Boolean)
FNDA:0,Bones3Rebuilt.IBlockContainer Bones3Rebuilt.World::GetContainer(Bones3Rebuilt.ChunkPosition,System.Boolean)
DA:36,0
DA:37,0
DA:38,0
DA:39,0
DA:41,0
DA:42,0
DA:44,0
DA:45,0
DA:47,0
DA:49,0
DA:50,0
BRDA:37,67,1,0
BRDA:38,53,0,0
BRDA:38,53,1,0
BRDA:37,67,0,0
BRDA:41,94,0,0
BRDA:41,94,1,0
BRDA:47,134,0,0
BRDA:47,134,1,0
FN:53,System.Void Bones3Rebuilt.World::DestroyContainer(Bones3Rebuilt.ChunkPosition)
FNDA:0,System.Void Bones3Rebuilt.World::DestroyContainer(Bones3Rebuilt.ChunkPosition)
DA:54,0
DA:55,0
DA:56,0
DA:57,0
DA:59,0
DA:60,0
DA:61,0
BRDA:56,16,1,0
BRDA:59,27,0,0
BRDA:59,27,1,0
BRDA:56,16,0,0
FN:10,System.Void Bones3Rebuilt.World::.ctor(Bones3Rebuilt.GridSize)
FNDA:0,System.Void Bones3Rebuilt.World::.ctor(Bones3Rebuilt.GridSize)
DA:11,0
DA:29,0
DA:30,0
DA:31,0
DA:32,0
LF:24
LH:0
BRF:12
BRH:0
FNF:4
FNH:0
end_of_record
SF:/home/thedudefromci/Documents/workspace/Bones3-Core/Core/Source/World/WorldProperties.cs
FN:11,Bones3Rebuilt.GridSize Bones3Rebuilt.WorldProperties::get_ChunkSize()
FNDA:0,Bones3Rebuilt.GridSize Bones3Rebuilt.WorldProperties::get_ChunkSize()
DA:12,0
FN:17,System.String Bones3Rebuilt.WorldProperties::get_WorldName()
FNDA:0,System.String Bones3Rebuilt.WorldProperties::get_WorldName()
DA:18,0
LF:2
LH:0
BRF:0
BRH:0
FNF:2
FNH:0
end_of_record
SF:/home/thedudefromci/Documents/workspace/Bones3-Core/Core/Source/WorldEditing/CuboidFill.cs
FN:15,System.Void Bones3Rebuilt.CuboidFill::Set(Bones3Rebuilt.BlockPosition,Bones3Rebuilt.BlockPosition,Bones3Rebuilt.IFillPattern)
FNDA:0,System.Void Bones3Rebuilt.CuboidFill::Set(Bones3Rebuilt.BlockPosition,Bones3Rebuilt.BlockPosition,Bones3Rebuilt.IFillPattern)
DA:16,0
DA:17,0
DA:18,0
DA:19,0
DA:20,0
FN:28,Bones3Rebuilt.BlockPosition Bones3Rebuilt.CuboidFill::MinPos(Bones3Rebuilt.BlockPosition,Bones3Rebuilt.BlockPosition)
FNDA:0,Bones3Rebuilt.BlockPosition Bones3Rebuilt.CuboidFill::MinPos(Bones3Rebuilt.BlockPosition,Bones3Rebuilt.BlockPosition)
DA:29,0
DA:30,0
DA:31,0
DA:32,0
DA:33,0
DA:34,0
FN:42,System.Int32 Bones3Rebuilt.CuboidFill::Min(System.Int32,System.Int32)
FNDA:0,System.Int32 Bones3Rebuilt.CuboidFill::Min(System.Int32,System.Int32)
DA:43,0
DA:44,0
DA:45,0
DA:47,0
DA:48,0
BRDA:44,7,0,0
BRDA:44,7,1,0
FN:56,Bones3Rebuilt.BlockPosition Bones3Rebuilt.CuboidFill::MaxPos(Bones3Rebuilt.BlockPosition,Bones3Rebuilt.BlockPosition)
FNDA:0,Bones3Rebuilt.BlockPosition Bones3Rebuilt.CuboidFill::MaxPos(Bones3Rebuilt.BlockPosition,Bones3Rebuilt.BlockPosition)
DA:57,0
DA:58,0
DA:59,0
DA:60,0
DA:61,0
DA:62,0
FN:70,System.Int32 Bones3Rebuilt.CuboidFill::Max(System.Int32,System.Int32)
FNDA:0,System.Int32 Bones3Rebuilt.CuboidFill::Max(System.Int32,System.Int32)
DA:71,0
DA:72,0
DA:73,0
DA:75,0
DA:76,0
BRDA:72,7,0,0
BRDA:72,7,1,0
FN:79,System.Boolean Bones3Rebuilt.CuboidFill/<GetBlocks>d__8::MoveNext()
FNDA:0,System.Boolean Bones3Rebuilt.CuboidFill/<GetBlocks>d__8::MoveNext()
DA:80,0
DA:81,0
DA:82,0
DA:83,0
DA:84,0
DA:85,0
DA:86,0
DA:87,0
DA:88,0
DA:89,0
DA:90,0
DA:91,0
DA:92,0
BRDA:80,14,0,0
BRDA:81,368,1,0
BRDA:82,316,1,0
BRDA:83,264,1,0
BRDA:80,14,1,0
BRDA:83,264,0,0
BRDA:82,316,0,0
BRDA:81,368,0,0
LF:40
LH:0
BRF:12
BRH:0
FNF:6
FNH:0
end_of_record
SF:/home/thedudefromci/Documents/workspace/Bones3-Core/Core/Source/WorldEditing/FloodFill.cs
FN:16,System.UInt16 Bones3Rebuilt.FloodFill::GetBlockID(Bones3Rebuilt.BlockPosition)
FNDA:0,System.UInt16 Bones3Rebuilt.FloodFill::GetBlockID(Bones3Rebuilt.BlockPosition)
DA:17,0
FN:13,System.Void Bones3Rebuilt.FloodFill::.ctor(System.UInt16)
FNDA:0,System.Void Bones3Rebuilt.FloodFill::.ctor(System.UInt16)
DA:14,0
LF:2
LH:0
BRF:0
BRH:0
FNF:2
FNH:0
end_of_record
SF:/home/thedudefromci/Documents/workspace/Bones3-Core/Core/Source/WorldEditing/IEditBatch.cs
FN:30,Bones3Rebuilt.BlockPosition Bones3Rebuilt.BlockPlacement::get_Position()
FNDA:0,Bones3Rebuilt.BlockPosition Bones3Rebuilt.BlockPlacement::get_Position()
DA:31,0
FN:36,System.UInt16 Bones3Rebuilt.BlockPlacement::get_BlockID()
FNDA:0,System.UInt16 Bones3Rebuilt.BlockPlacement::get_BlockID()
DA:37,0
LF:2
LH:0
BRF:0
BRH:0
FNF:2
FNH:0
end_of_record
SF:/home/thedudefromci/Documents/workspace/Bones3-Core/Core/Source/Remeshing/Vec3.cs
FN:13,System.Single Bones3Rebuilt.Util.Vec3::get_X()
FNDA:0,System.Single Bones3Rebuilt.Util.Vec3::get_X()
DA:14,0
FN:19,System.Single Bones3Rebuilt.Util.Vec3::get_Y()
FNDA:0,System.Single Bones3Rebuilt.Util.Vec3::get_Y()
DA:20,0
FN:25,System.Single Bones3Rebuilt.Util.Vec3::get_Z()
FNDA:0,System.Single Bones3Rebuilt.Util.Vec3::get_Z()
DA:26,0
FN:41,System.Boolean Bones3Rebuilt.Util.Vec3::op_Equality(Bones3Rebuilt.Util.Vec3,Bones3Rebuilt.Util.Vec3)
FNDA:0,System.Boolean Bones3Rebuilt.Util.Vec3::op_Equality(Bones3Rebuilt.Util.Vec3,Bones3Rebuilt.Util.Vec3)
DA:42,0
DA:43,0
DA:44,0
DA:45,0
DA:46,0
BRDA:43,26,0,0
BRDA:43,53,0,0
BRDA:43,26,1,0
BRDA:43,53,1,0
FN:48,System.Boolean Bones3Rebuilt.Util.Vec3::op_Inequality(Bones3Rebuilt.Util.Vec3,Bones3Rebuilt.Util.Vec3)
FNDA:0,System.Boolean Bones3Rebuilt.Util.Vec3::op_Inequality(Bones3Rebuilt.Util.Vec3,Bones3Rebuilt.Util.Vec3)
DA:49,0
DA:50,0
DA:51,0
FN:53,System.Boolean Bones3Rebuilt.Util.Vec3::Equals(System.Object)
FNDA:0,System.Boolean Bones3Rebuilt.Util.Vec3::Equals(System.Object)
DA:54,0
DA:55,0
DA:56,0
BRDA:55,7,0,0
BRDA:55,7,1,0
FN:58,System.Int32 Bones3Rebuilt.Util.Vec3::GetHashCode()
FNDA:0,System.Int32 Bones3Rebuilt.Util.Vec3::GetHashCode()
DA:59,0
DA:60,0
DA:61,0
DA:62,0
DA:63,0
DA:64,0
DA:65,0
FN:34,System.Void Bones3Rebuilt.Util.Vec3::.ctor(System.Single,System.Single,System.Single)
FNDA:0,System.Void Bones3Rebuilt.Util.Vec3::.ctor(System.Single,System.Single,System.Single)
DA:35,0
DA:36,0
DA:37,0
DA:38,0
DA:39,0
LF:26
LH:0
BRF:6
BRH:0
FNF:8
FNH:0
end_of_record